<?xml version="1.0" encoding="UTF-8"?>
<!-- Generated by org.testng.reporters.JUnitXMLReporter -->
<testsuite hostname="LAPTOP-OMB69JNR" ignored="0" name="Default test" tests="1" failures="1" timestamp="2022-03-12T21:27:48 CST" time="9.051" errors="0">
  <testcase name="validUserShouldBeAbleToCreateCustomer" time="9.008" classname="test.AddCustomerTest">
    <failure type="java.lang.StackOverflowError">
      <![CDATA[java.lang.StackOverflowError
at page.AddCustomerPage.selectFromDropDown(AddCustomerPage.java:51)
at page.AddCustomerPage.selectFromDropDown(AddCustomerPage.java:51)
at page.AddCustomerPage.selectFromDropDown(AddCustomerPage.java:51)
at page.AddCustomerPage.selectFromDropDown(AddCustomerPage.java:51)
at page.AddCustomerPage.selectFromDropDown(AddCustomerPage.java:51)
at page.AddCustomerPage.selectFromDropDown(AddCustomerPage.java:51)
at page.AddCustomerPage.selectFromDropDown(AddCustomerPage.java:51)
at page.AddCustomerPage.selectFromDropDown(AddCustomerPage.java:51)
at page.AddCustomerPage.selectFromDropDown(AddCustomerPage.java:51)
at page.AddCustomerPage.selectFromDropDown(AddCustomerPage.java:51)
at page.AddCustomerPage.selectFromDropDown(AddCustomerPage.java:51)
at page.AddCustomerPage.selectFromDropDown(AddCustomerPage.java:51)
at page.AddCustomerPage.selectFromDropDown(AddCustomerPage.java:51)
at page.AddCustomerPage.selectFromDropDown(AddCustomerPage.java:51)
at page.AddCustomerPage.selectFromDropDown(AddCustomerPage.java:51)
at page.AddCustomerPage.selectFromDropDown(AddCustomerPage.java:51)
at page.AddCustomerPage.selectFromDropDown(AddCustomerPage.java:51)
at page.AddCustomerPage.selectFromDropDown(AddCustomerPage.java:51)
at page.AddCustomerPage.selectFromDropDown(AddCustomerPage.java:51)
at page.AddCustomerPage.selectFromDropDown(AddCustomerPage.java:51)
at page.AddCustomerPage.selectFromDropDown(AddCustomerPage.java:51)
at page.AddCustomerPage.selectFromDropDown(AddCustomerPage.java:51)
at page.AddCustomerPage.selectFromDropDown(AddCustomerPage.java:51)
at page.AddCustomerPage.selectFromDropDown(AddCustomerPage.java:51)
at page.AddCustomerPage.selectFromDropDown(AddCustomerPage.java:51)
at page.AddCustomerPage.selectFromDropDown(AddCustomerPage.java:51)
at page.AddCustomerPage.selectFromDropDown(AddCustomerPage.java:51)
at page.AddCustomerPage.selectFromDropDown(AddCustomerPage.java:51)
at page.AddCustomerPage.selectFromDropDown(AddCustomerPage.java:51)
at page.AddCustomerPage.selectFromDropDown(AddCustomerPage.java:51)
at page.AddCustomerPage.selectFromDropDown(AddCustomerPage.java:51)
at page.AddCustomerPage.selectFromDropDown(AddCustomerPage.java:51)
at page.AddCustomerPage.selectFromDropDown(AddCustomerPage.java:51)
at page.AddCustomerPage.selectFromDropDown(AddCustomerPage.java:51)
at page.AddCustomerPage.selectFromDropDown(AddCustomerPage.java:51)
at page.AddCustomerPage.selectFromDropDown(AddCustomerPage.java:51)
at page.AddCustomerPage.selectFromDropDown(AddCustomerPage.java:51)
at page.AddCustomerPage.selectFromDropDown(AddCustomerPage.java:51)
at page.AddCustomerPage.selectFromDropDown(AddCustomerPage.java:51)
at page.AddCustomerPage.selectFromDropDown(AddCustomerPage.java:51)
at page.AddCustomerPage.selectFromDropDown(AddCustomerPage.java:51)
at page.AddCustomerPage.selectFromDropDown(AddCustomerPage.java:51)
at page.AddCustomerPage.selectFromDropDown(AddCustomerPage.java:51)
at page.AddCustomerPage.selectFromDropDown(AddCustomerPage.java:51)
at page.AddCustomerPage.selectFromDropDown(AddCustomerPage.java:51)
at page.AddCustomerPage.selectFromDropDown(AddCustomerPage.java:51)
at page.AddCustomerPage.selectFromDropDown(AddCustomerPage.java:51)
at page.AddCustomerPage.selectFromDropDown(AddCustomerPage.java:51)
at page.AddCustomerPage.selectFromDropDown(AddCustomerPage.java:51)
at page.AddCustomerPage.selectFromDropDown(AddCustomerPage.java:51)
at page.AddCustomerPage.selectFromDropDown(AddCustomerPage.java:51)
at page.AddCustomerPage.selectFromDropDown(AddCustomerPage.java:51)
at page.AddCustomerPage.selectFromDropDown(AddCustomerPage.java:51)
at page.AddCustomerPage.selectFromDropDown(AddCustomerPage.java:51)
at page.AddCustomerPage.selectFromDropDown(AddCustomerPage.java:51)
at page.AddCustomerPage.selectFromDropDown(AddCustomerPage.java:51)
at page.AddCustomerPage.selectFromDropDown(AddCustomerPage.java:51)
at page.AddCustomerPage.selectFromDropDown(AddCustomerPage.java:51)
at page.AddCustomerPage.selectFromDropDown(AddCustomerPage.java:51)
at page.AddCustomerPage.selectFromDropDown(AddCustomerPage.java:51)
at page.AddCustomerPage.selectFromDropDown(AddCustomerPage.java:51)
at page.AddCustomerPage.selectFromDropDown(AddCustomerPage.java:51)
at page.AddCustomerPage.selectFromDropDown(AddCustomerPage.java:51)
at page.AddCustomerPage.selectFromDropDown(AddCustomerPage.java:51)
at page.AddCustomerPage.selectFromDropDown(AddCustomerPage.java:51)
at page.AddCustomerPage.selectFromDropDown(AddCustomerPage.java:51)
at page.AddCustomerPage.selectFromDropDown(AddCustomerPage.java:51)
at page.AddCustomerPage.selectFromDropDown(AddCustomerPage.java:51)
at page.AddCustomerPage.selectFromDropDown(AddCustomerPage.java:51)
at page.AddCustomerPage.selectFromDropDown(AddCustomerPage.java:51)
at page.AddCustomerPage.selectFromDropDown(AddCustomerPage.java:51)
at page.AddCustomerPage.selectFromDropDown(AddCustomerPage.java:51)
at page.AddCustomerPage.selectFromDropDown(AddCustomerPage.java:51)
at page.AddCustomerPage.selectFromDropDown(AddCustomerPage.java:51)
at page.AddCustomerPage.selectFromDropDown(AddCustomerPage.java:51)
at page.AddCustomerPage.selectFromDropDown(AddCustomerPage.java:51)
at page.AddCustomerPage.selectFromDropDown(AddCustomerPage.java:51)
at page.AddCustomerPage.selectFromDropDown(AddCustomerPage.java:51)
at page.AddCustomerPage.selectFromDropDown(AddCustomerPage.java:51)
at page.AddCustomerPage.selectFromDropDown(AddCustomerPage.java:51)
at page.AddCustomerPage.selectFromDropDown(AddCustomerPage.java:51)
at page.AddCustomerPage.selectFromDropDown(AddCustomerPage.java:51)
at page.AddCustomerPage.selectFromDropDown(AddCustomerPage.java:51)
at page.AddCustomerPage.selectFromDropDown(AddCustomerPage.java:51)
at page.AddCustomerPage.selectFromDropDown(AddCustomerPage.java:51)
at page.AddCustomerPage.selectFromDropDown(AddCustomerPage.java:51)
at page.AddCustomerPage.selectFromDropDown(AddCustomerPage.java:51)
at page.AddCustomerPage.selectFromDropDown(AddCustomerPage.java:51)
at page.AddCustomerPage.selectFromDropDown(AddCustomerPage.java:51)
at page.AddCustomerPage.selectFromDropDown(AddCustomerPage.java:51)
at page.AddCustomerPage.selectFromDropDown(AddCustomerPage.java:51)
at page.AddCustomerPage.selectFromDropDown(AddCustomerPage.java:51)
at page.AddCustomerPage.selectFromDropDown(AddCustomerPage.java:51)
at page.AddCustomerPage.selectFromDropDown(AddCustomerPage.java:51)
at page.AddCustomerPage.selectFromDropDown(AddCustomerPage.java:51)
at page.AddCustomerPage.selectFromDropDown(AddCustomerPage.java:51)
at page.AddCustomerPage.selectFromDropDown(AddCustomerPage.java:51)
at page.AddCustomerPage.selectFromDropDown(AddCustomerPage.java:51)
at page.AddCustomerPage.selectFromDropDown(AddCustomerPage.java:51)
at page.AddCustomerPage.selectFromDropDown(AddCustomerPage.java:51)
at page.AddCustomerPage.selectFromDropDown(AddCustomerPage.java:51)
at page.AddCustomerPage.selectFromDropDown(AddCustomerPage.java:51)
at page.AddCustomerPage.selectFromDropDown(AddCustomerPage.java:51)
at page.AddCustomerPage.selectFromDropDown(AddCustomerPage.java:51)
at page.AddCustomerPage.selectFromDropDown(AddCustomerPage.java:51)
at page.AddCustomerPage.selectFromDropDown(AddCustomerPage.java:51)
at page.AddCustomerPage.selectFromDropDown(AddCustomerPage.java:51)
at page.AddCustomerPage.selectFromDropDown(AddCustomerPage.java:51)
at page.AddCustomerPage.selectFromDropDown(AddCustomerPage.java:51)
at page.AddCustomerPage.selectFromDropDown(AddCustomerPage.java:51)
at page.AddCustomerPage.selectFromDropDown(AddCustomerPage.java:51)
at page.AddCustomerPage.selectFromDropDown(AddCustomerPage.java:51)
at page.AddCustomerPage.selectFromDropDown(AddCustomerPage.java:51)
at page.AddCustomerPage.selectFromDropDown(AddCustomerPage.java:51)
at page.AddCustomerPage.selectFromDropDown(AddCustomerPage.java:51)
at page.AddCustomerPage.selectFromDropDown(AddCustomerPage.java:51)
at page.AddCustomerPage.selectFromDropDown(AddCustomerPage.java:51)
at page.AddCustomerPage.selectFromDropDown(AddCustomerPage.java:51)
at page.AddCustomerPage.selectFromDropDown(AddCustomerPage.java:51)
at page.AddCustomerPage.selectFromDropDown(AddCustomerPage.java:51)
at page.AddCustomerPage.selectFromDropDown(AddCustomerPage.java:51)
at page.AddCustomerPage.selectFromDropDown(AddCustomerPage.java:51)
at page.AddCustomerPage.selectFromDropDown(AddCustomerPage.java:51)
at page.AddCustomerPage.selectFromDropDown(AddCustomerPage.java:51)
at page.AddCustomerPage.selectFromDropDown(AddCustomerPage.java:51)
at page.AddCustomerPage.selectFromDropDown(AddCustomerPage.java:51)
at page.AddCustomerPage.selectFromDropDown(AddCustomerPage.java:51)
at page.AddCustomerPage.selectFromDropDown(AddCustomerPage.java:51)
at page.AddCustomerPage.selectFromDropDown(AddCustomerPage.java:51)
at page.AddCustomerPage.selectFromDropDown(AddCustomerPage.java:51)
at page.AddCustomerPage.selectFromDropDown(AddCustomerPage.java:51)
at page.AddCustomerPage.selectFromDropDown(AddCustomerPage.java:51)
at page.AddCustomerPage.selectFromDropDown(AddCustomerPage.java:51)
at page.AddCustomerPage.selectFromDropDown(AddCustomerPage.java:51)
at page.AddCustomerPage.selectFromDropDown(AddCustomerPage.java:51)
at page.AddCustomerPage.selectFromDropDown(AddCustomerPage.java:51)
at page.AddCustomerPage.selectFromDropDown(AddCustomerPage.java:51)
at page.AddCustomerPage.selectFromDropDown(AddCustomerPage.java:51)
at page.AddCustomerPage.selectFromDropDown(AddCustomerPage.java:51)
at page.AddCustomerPage.selectFromDropDown(AddCustomerPage.java:51)
at page.AddCustomerPage.selectFromDropDown(AddCustomerPage.java:51)
at page.AddCustomerPage.selectFromDropDown(AddCustomerPage.java:51)
at page.AddCustomerPage.selectFromDropDown(AddCustomerPage.java:51)
at page.AddCustomerPage.selectFromDropDown(AddCustomerPage.java:51)
at page.AddCustomerPage.selectFromDropDown(AddCustomerPage.java:51)
at page.AddCustomerPage.selectFromDropDown(AddCustomerPage.java:51)
at page.AddCustomerPage.selectFromDropDown(AddCustomerPage.java:51)
at page.AddCustomerPage.selectFromDropDown(AddCustomerPage.java:51)
at page.AddCustomerPage.selectFromDropDown(AddCustomerPage.java:51)
at page.AddCustomerPage.selectFromDropDown(AddCustomerPage.java:51)
at page.AddCustomerPage.selectFromDropDown(AddCustomerPage.java:51)
at page.AddCustomerPage.selectFromDropDown(AddCustomerPage.java:51)
at page.AddCustomerPage.selectFromDropDown(AddCustomerPage.java:51)
at page.AddCustomerPage.selectFromDropDown(AddCustomerPage.java:51)
at page.AddCustomerPage.selectFromDropDown(AddCustomerPage.java:51)
at page.AddCustomerPage.selectFromDropDown(AddCustomerPage.java:51)
at page.AddCustomerPage.selectFromDropDown(AddCustomerPage.java:51)
at page.AddCustomerPage.selectFromDropDown(AddCustomerPage.java:51)
at page.AddCustomerPage.selectFromDropDown(AddCustomerPage.java:51)
at page.AddCustomerPage.selectFromDropDown(AddCustomerPage.java:51)
at page.AddCustomerPage.selectFromDropDown(AddCustomerPage.java:51)
at page.AddCustomerPage.selectFromDropDown(AddCustomerPage.java:51)
at page.AddCustomerPage.selectFromDropDown(AddCustomerPage.java:51)
at page.AddCustomerPage.selectFromDropDown(AddCustomerPage.java:51)
at page.AddCustomerPage.selectFromDropDown(AddCustomerPage.java:51)
at page.AddCustomerPage.selectFromDropDown(AddCustomerPage.java:51)
at page.AddCustomerPage.selectFromDropDown(AddCustomerPage.java:51)
at page.AddCustomerPage.selectFromDropDown(AddCustomerPage.java:51)
at page.AddCustomerPage.selectFromDropDown(AddCustomerPage.java:51)
at page.AddCustomerPage.selectFromDropDown(AddCustomerPage.java:51)
at page.AddCustomerPage.selectFromDropDown(AddCustomerPage.java:51)
at page.AddCustomerPage.selectFromDropDown(AddCustomerPage.java:51)
at page.AddCustomerPage.selectFromDropDown(AddCustomerPage.java:51)
at page.AddCustomerPage.selectFromDropDown(AddCustomerPage.java:51)
at page.AddCustomerPage.selectFromDropDown(AddCustomerPage.java:51)
at page.AddCustomerPage.selectFromDropDown(AddCustomerPage.java:51)
at page.AddCustomerPage.selectFromDropDown(AddCustomerPage.java:51)
at page.AddCustomerPage.selectFromDropDown(AddCustomerPage.java:51)
at page.AddCustomerPage.selectFromDropDown(AddCustomerPage.java:51)
at page.AddCustomerPage.selectFromDropDown(AddCustomerPage.java:51)
at page.AddCustomerPage.selectFromDropDown(AddCustomerPage.java:51)
at page.AddCustomerPage.selectFromDropDown(AddCustomerPage.java:51)
at page.AddCustomerPage.selectFromDropDown(AddCustomerPage.java:51)
at page.AddCustomerPage.selectFromDropDown(AddCustomerPage.java:51)
at page.AddCustomerPage.selectFromDropDown(AddCustomerPage.java:51)
at page.AddCustomerPage.selectFromDropDown(AddCustomerPage.java:51)
at page.AddCustomerPage.selectFromDropDown(AddCustomerPage.java:51)
at page.AddCustomerPage.selectFromDropDown(AddCustomerPage.java:51)
at page.AddCustomerPage.selectFromDropDown(AddCustomerPage.java:51)
at page.AddCustomerPage.selectFromDropDown(AddCustomerPage.java:51)
at page.AddCustomerPage.selectFromDropDown(AddCustomerPage.java:51)
at page.AddCustomerPage.selectFromDropDown(AddCustomerPage.java:51)
at page.AddCustomerPage.selectFromDropDown(AddCustomerPage.java:51)
at page.AddCustomerPage.selectFromDropDown(AddCustomerPage.java:51)
at page.AddCustomerPage.selectFromDropDown(AddCustomerPage.java:51)
at page.AddCustomerPage.selectFromDropDown(AddCustomerPage.java:51)
at page.AddCustomerPage.selectFromDropDown(AddCustomerPage.java:51)
at page.AddCustomerPage.selectFromDropDown(AddCustomerPage.java:51)
at page.AddCustomerPage.selectFromDropDown(AddCustomerPage.java:51)
at page.AddCustomerPage.selectFromDropDown(AddCustomerPage.java:51)
at page.AddCustomerPage.selectFromDropDown(AddCustomerPage.java:51)
at page.AddCustomerPage.selectFromDropDown(AddCustomerPage.java:51)
at page.AddCustomerPage.selectFromDropDown(AddCustomerPage.java:51)
at page.AddCustomerPage.selectFromDropDown(AddCustomerPage.java:51)
at page.AddCustomerPage.selectFromDropDown(AddCustomerPage.java:51)
at page.AddCustomerPage.selectFromDropDown(AddCustomerPage.java:51)
at page.AddCustomerPage.selectFromDropDown(AddCustomerPage.java:51)
at page.AddCustomerPage.selectFromDropDown(AddCustomerPage.java:51)
at page.AddCustomerPage.selectFromDropDown(AddCustomerPage.java:51)
at page.AddCustomerPage.selectFromDropDown(AddCustomerPage.java:51)
at page.AddCustomerPage.selectFromDropDown(AddCustomerPage.java:51)
at page.AddCustomerPage.selectFromDropDown(AddCustomerPage.java:51)
at page.AddCustomerPage.selectFromDropDown(AddCustomerPage.java:51)
at page.AddCustomerPage.selectFromDropDown(AddCustomerPage.java:51)
at page.AddCustomerPage.selectFromDropDown(AddCustomerPage.java:51)
at page.AddCustomerPage.selectFromDropDown(AddCustomerPage.java:51)
at page.AddCustomerPage.selectFromDropDown(AddCustomerPage.java:51)
at page.AddCustomerPage.selectFromDropDown(AddCustomerPage.java:51)
at page.AddCustomerPage.selectFromDropDown(AddCustomerPage.java:51)
at page.AddCustomerPage.selectFromDropDown(AddCustomerPage.java:51)
at page.AddCustomerPage.selectFromDropDown(AddCustomerPage.java:51)
at page.AddCustomerPage.selectFromDropDown(AddCustomerPage.java:51)
at page.AddCustomerPage.selectFromDropDown(AddCustomerPage.java:51)
at page.AddCustomerPage.selectFromDropDown(AddCustomerPage.java:51)
at page.AddCustomerPage.selectFromDropDown(AddCustomerPage.java:51)
at page.AddCustomerPage.selectFromDropDown(AddCustomerPage.java:51)
at page.AddCustomerPage.selectFromDropDown(AddCustomerPage.java:51)
at page.AddCustomerPage.selectFromDropDown(AddCustomerPage.java:51)
at page.AddCustomerPage.selectFromDropDown(AddCustomerPage.java:51)
at page.AddCustomerPage.selectFromDropDown(AddCustomerPage.java:51)
at page.AddCustomerPage.selectFromDropDown(AddCustomerPage.java:51)
at page.AddCustomerPage.selectFromDropDown(AddCustomerPage.java:51)
at page.AddCustomerPage.selectFromDropDown(AddCustomerPage.java:51)
at page.AddCustomerPage.selectFromDropDown(AddCustomerPage.java:51)
at page.AddCustomerPage.selectFromDropDown(AddCustomerPage.java:51)
at page.AddCustomerPage.selectFromDropDown(AddCustomerPage.java:51)
at page.AddCustomerPage.selectFromDropDown(AddCustomerPage.java:51)
at page.AddCustomerPage.selectFromDropDown(AddCustomerPage.java:51)
at page.AddCustomerPage.selectFromDropDown(AddCustomerPage.java:51)
at page.AddCustomerPage.selectFromDropDown(AddCustomerPage.java:51)
at page.AddCustomerPage.selectFromDropDown(AddCustomerPage.java:51)
at page.AddCustomerPage.selectFromDropDown(AddCustomerPage.java:51)
at page.AddCustomerPage.selectFromDropDown(AddCustomerPage.java:51)
at page.AddCustomerPage.selectFromDropDown(AddCustomerPage.java:51)
at page.AddCustomerPage.selectFromDropDown(AddCustomerPage.java:51)
at page.AddCustomerPage.selectFromDropDown(AddCustomerPage.java:51)
at page.AddCustomerPage.selectFromDropDown(AddCustomerPage.java:51)
at page.AddCustomerPage.selectFromDropDown(AddCustomerPage.java:51)
at page.AddCustomerPage.selectFromDropDown(AddCustomerPage.java:51)
at page.AddCustomerPage.selectFromDropDown(AddCustomerPage.java:51)
at page.AddCustomerPage.selectFromDropDown(AddCustomerPage.java:51)
at page.AddCustomerPage.selectFromDropDown(AddCustomerPage.java:51)
at page.AddCustomerPage.selectFromDropDown(AddCustomerPage.java:51)
at page.AddCustomerPage.selectFromDropDown(AddCustomerPage.java:51)
at page.AddCustomerPage.selectFromDropDown(AddCustomerPage.java:51)
at page.AddCustomerPage.selectFromDropDown(AddCustomerPage.java:51)
at page.AddCustomerPage.selectFromDropDown(AddCustomerPage.java:51)
at page.AddCustomerPage.selectFromDropDown(AddCustomerPage.java:51)
at page.AddCustomerPage.selectFromDropDown(AddCustomerPage.java:51)
at page.AddCustomerPage.selectFromDropDown(AddCustomerPage.java:51)
at page.AddCustomerPage.selectFromDropDown(AddCustomerPage.java:51)
at page.AddCustomerPage.selectFromDropDown(AddCustomerPage.java:51)
at page.AddCustomerPage.selectFromDropDown(AddCustomerPage.java:51)
at page.AddCustomerPage.selectFromDropDown(AddCustomerPage.java:51)
at page.AddCustomerPage.selectFromDropDown(AddCustomerPage.java:51)
at page.AddCustomerPage.selectFromDropDown(AddCustomerPage.java:51)
at page.AddCustomerPage.selectFromDropDown(AddCustomerPage.java:51)
at page.AddCustomerPage.selectFromDropDown(AddCustomerPage.java:51)
at page.AddCustomerPage.selectFromDropDown(AddCustomerPage.java:51)
at page.AddCustomerPage.selectFromDropDown(AddCustomerPage.java:51)
at page.AddCustomerPage.selectFromDropDown(AddCustomerPage.java:51)
at page.AddCustomerPage.selectFromDropDown(AddCustomerPage.java:51)
at page.AddCustomerPage.selectFromDropDown(AddCustomerPage.java:51)
at page.AddCustomerPage.selectFromDropDown(AddCustomerPage.java:51)
at page.AddCustomerPage.selectFromDropDown(AddCustomerPage.java:51)
at page.AddCustomerPage.selectFromDropDown(AddCustomerPage.java:51)
at page.AddCustomerPage.selectFromDropDown(AddCustomerPage.java:51)
at page.AddCustomerPage.selectFromDropDown(AddCustomerPage.java:51)
at page.AddCustomerPage.selectFromDropDown(AddCustomerPage.java:51)
at page.AddCustomerPage.selectFromDropDown(AddCustomerPage.java:51)
at page.AddCustomerPage.selectFromDropDown(AddCustomerPage.java:51)
at page.AddCustomerPage.selectFromDropDown(AddCustomerPage.java:51)
at page.AddCustomerPage.selectFromDropDown(AddCustomerPage.java:51)
at page.AddCustomerPage.selectFromDropDown(AddCustomerPage.java:51)
at page.AddCustomerPage.selectFromDropDown(AddCustomerPage.java:51)
at page.AddCustomerPage.selectFromDropDown(AddCustomerPage.java:51)
at page.AddCustomerPage.selectFromDropDown(AddCustomerPage.java:51)
at page.AddCustomerPage.selectFromDropDown(AddCustomerPage.java:51)
at page.AddCustomerPage.selectFromDropDown(AddCustomerPage.java:51)
at page.AddCustomerPage.selectFromDropDown(AddCustomerPage.java:51)
at page.AddCustomerPage.selectFromDropDown(AddCustomerPage.java:51)
at page.AddCustomerPage.selectFromDropDown(AddCustomerPage.java:51)
at page.AddCustomerPage.selectFromDropDown(AddCustomerPage.java:51)
at page.AddCustomerPage.selectFromDropDown(AddCustomerPage.java:51)
at page.AddCustomerPage.selectFromDropDown(AddCustomerPage.java:51)
at page.AddCustomerPage.selectFromDropDown(AddCustomerPage.java:51)
at page.AddCustomerPage.selectFromDropDown(AddCustomerPage.java:51)
at page.AddCustomerPage.selectFromDropDown(AddCustomerPage.java:51)
at page.AddCustomerPage.selectFromDropDown(AddCustomerPage.java:51)
at page.AddCustomerPage.selectFromDropDown(AddCustomerPage.java:51)
at page.AddCustomerPage.selectFromDropDown(AddCustomerPage.java:51)
at page.AddCustomerPage.selectFromDropDown(AddCustomerPage.java:51)
at page.AddCustomerPage.selectFromDropDown(AddCustomerPage.java:51)
at page.AddCustomerPage.selectFromDropDown(AddCustomerPage.java:51)
at page.AddCustomerPage.selectFromDropDown(AddCustomerPage.java:51)
at page.AddCustomerPage.selectFromDropDown(AddCustomerPage.java:51)
at page.AddCustomerPage.selectFromDropDown(AddCustomerPage.java:51)
at page.AddCustomerPage.selectFromDropDown(AddCustomerPage.java:51)
at page.AddCustomerPage.selectFromDropDown(AddCustomerPage.java:51)
at page.AddCustomerPage.selectFromDropDown(AddCustomerPage.java:51)
at page.AddCustomerPage.selectFromDropDown(AddCustomerPage.java:51)
at page.AddCustomerPage.selectFromDropDown(AddCustomerPage.java:51)
at page.AddCustomerPage.selectFromDropDown(AddCustomerPage.java:51)
at page.AddCustomerPage.selectFromDropDown(AddCustomerPage.java:51)
at page.AddCustomerPage.selectFromDropDown(AddCustomerPage.java:51)
at page.AddCustomerPage.selectFromDropDown(AddCustomerPage.java:51)
at page.AddCustomerPage.selectFromDropDown(AddCustomerPage.java:51)
at page.AddCustomerPage.selectFromDropDown(AddCustomerPage.java:51)
at page.AddCustomerPage.selectFromDropDown(AddCustomerPage.java:51)
at page.AddCustomerPage.selectFromDropDown(AddCustomerPage.java:51)
at page.AddCustomerPage.selectFromDropDown(AddCustomerPage.java:51)
at page.AddCustomerPage.selectFromDropDown(AddCustomerPage.java:51)
at page.AddCustomerPage.selectFromDropDown(AddCustomerPage.java:51)
at page.AddCustomerPage.selectFromDropDown(AddCustomerPage.java:51)
at page.AddCustomerPage.selectFromDropDown(AddCustomerPage.java:51)
at page.AddCustomerPage.selectFromDropDown(AddCustomerPage.java:51)
at page.AddCustomerPage.selectFromDropDown(AddCustomerPage.java:51)
at page.AddCustomerPage.selectFromDropDown(AddCustomerPage.java:51)
at page.AddCustomerPage.selectFromDropDown(AddCustomerPage.java:51)
at page.AddCustomerPage.selectFromDropDown(AddCustomerPage.java:51)
at page.AddCustomerPage.selectFromDropDown(AddCustomerPage.java:51)
at page.AddCustomerPage.selectFromDropDown(AddCustomerPage.java:51)
at page.AddCustomerPage.selectFromDropDown(AddCustomerPage.java:51)
at page.AddCustomerPage.selectFromDropDown(AddCustomerPage.java:51)
at page.AddCustomerPage.selectFromDropDown(AddCustomerPage.java:51)
at page.AddCustomerPage.selectFromDropDown(AddCustomerPage.java:51)
at page.AddCustomerPage.selectFromDropDown(AddCustomerPage.java:51)
at page.AddCustomerPage.selectFromDropDown(AddCustomerPage.java:51)
at page.AddCustomerPage.selectFromDropDown(AddCustomerPage.java:51)
at page.AddCustomerPage.selectFromDropDown(AddCustomerPage.java:51)
at page.AddCustomerPage.selectFromDropDown(AddCustomerPage.java:51)
at page.AddCustomerPage.selectFromDropDown(AddCustomerPage.java:51)
at page.AddCustomerPage.selectFromDropDown(AddCustomerPage.java:51)
at page.AddCustomerPage.selectFromDropDown(AddCustomerPage.java:51)
at page.AddCustomerPage.selectFromDropDown(AddCustomerPage.java:51)
at page.AddCustomerPage.selectFromDropDown(AddCustomerPage.java:51)
at page.AddCustomerPage.selectFromDropDown(AddCustomerPage.java:51)
at page.AddCustomerPage.selectFromDropDown(AddCustomerPage.java:51)
at page.AddCustomerPage.selectFromDropDown(AddCustomerPage.java:51)
at page.AddCustomerPage.selectFromDropDown(AddCustomerPage.java:51)
at page.AddCustomerPage.selectFromDropDown(AddCustomerPage.java:51)
at page.AddCustomerPage.selectFromDropDown(AddCustomerPage.java:51)
at page.AddCustomerPage.selectFromDropDown(AddCustomerPage.java:51)
at page.AddCustomerPage.selectFromDropDown(AddCustomerPage.java:51)
at page.AddCustomerPage.selectFromDropDown(AddCustomerPage.java:51)
at page.AddCustomerPage.selectFromDropDown(AddCustomerPage.java:51)
at page.AddCustomerPage.selectFromDropDown(AddCustomerPage.java:51)
at page.AddCustomerPage.selectFromDropDown(AddCustomerPage.java:51)
at page.AddCustomerPage.selectFromDropDown(AddCustomerPage.java:51)
at page.AddCustomerPage.selectFromDropDown(AddCustomerPage.java:51)
at page.AddCustomerPage.selectFromDropDown(AddCustomerPage.java:51)
at page.AddCustomerPage.selectFromDropDown(AddCustomerPage.java:51)
at page.AddCustomerPage.selectFromDropDown(AddCustomerPage.java:51)
at page.AddCustomerPage.selectFromDropDown(AddCustomerPage.java:51)
at page.AddCustomerPage.selectFromDropDown(AddCustomerPage.java:51)
at page.AddCustomerPage.selectFromDropDown(AddCustomerPage.java:51)
at page.AddCustomerPage.selectFromDropDown(AddCustomerPage.java:51)
at page.AddCustomerPage.selectFromDropDown(AddCustomerPage.java:51)
at page.AddCustomerPage.selectFromDropDown(AddCustomerPage.java:51)
at page.AddCustomerPage.selectFromDropDown(AddCustomerPage.java:51)
at page.AddCustomerPage.selectFromDropDown(AddCustomerPage.java:51)
at page.AddCustomerPage.selectFromDropDown(AddCustomerPage.java:51)
at page.AddCustomerPage.selectFromDropDown(AddCustomerPage.java:51)
at page.AddCustomerPage.selectFromDropDown(AddCustomerPage.java:51)
at page.AddCustomerPage.selectFromDropDown(AddCustomerPage.java:51)
at page.AddCustomerPage.selectFromDropDown(AddCustomerPage.java:51)
at page.AddCustomerPage.selectFromDropDown(AddCustomerPage.java:51)
at page.AddCustomerPage.selectFromDropDown(AddCustomerPage.java:51)
at page.AddCustomerPage.selectFromDropDown(AddCustomerPage.java:51)
at page.AddCustomerPage.selectFromDropDown(AddCustomerPage.java:51)
at page.AddCustomerPage.selectFromDropDown(AddCustomerPage.java:51)
at page.AddCustomerPage.selectFromDropDown(AddCustomerPage.java:51)
at page.AddCustomerPage.selectFromDropDown(AddCustomerPage.java:51)
at page.AddCustomerPage.selectFromDropDown(AddCustomerPage.java:51)
at page.AddCustomerPage.selectFromDropDown(AddCustomerPage.java:51)
at page.AddCustomerPage.selectFromDropDown(AddCustomerPage.java:51)
at page.AddCustomerPage.selectFromDropDown(AddCustomerPage.java:51)
at page.AddCustomerPage.selectFromDropDown(AddCustomerPage.java:51)
at page.AddCustomerPage.selectFromDropDown(AddCustomerPage.java:51)
at page.AddCustomerPage.selectFromDropDown(AddCustomerPage.java:51)
at page.AddCustomerPage.selectFromDropDown(AddCustomerPage.java:51)
at page.AddCustomerPage.selectFromDropDown(AddCustomerPage.java:51)
at page.AddCustomerPage.selectFromDropDown(AddCustomerPage.java:51)
at page.AddCustomerPage.selectFromDropDown(AddCustomerPage.java:51)
at page.AddCustomerPage.selectFromDropDown(AddCustomerPage.java:51)
at page.AddCustomerPage.selectFromDropDown(AddCustomerPage.java:51)
at page.AddCustomerPage.selectFromDropDown(AddCustomerPage.java:51)
at page.AddCustomerPage.selectFromDropDown(AddCustomerPage.java:51)
at page.AddCustomerPage.selectFromDropDown(AddCustomerPage.java:51)
at page.AddCustomerPage.selectFromDropDown(AddCustomerPage.java:51)
at page.AddCustomerPage.selectFromDropDown(AddCustomerPage.java:51)
at page.AddCustomerPage.selectFromDropDown(AddCustomerPage.java:51)
at page.AddCustomerPage.selectFromDropDown(AddCustomerPage.java:51)
at page.AddCustomerPage.selectFromDropDown(AddCustomerPage.java:51)
at page.AddCustomerPage.selectFromDropDown(AddCustomerPage.java:51)
at page.AddCustomerPage.selectFromDropDown(AddCustomerPage.java:51)
at page.AddCustomerPage.selectFromDropDown(AddCustomerPage.java:51)
at page.AddCustomerPage.selectFromDropDown(AddCustomerPage.java:51)
at page.AddCustomerPage.selectFromDropDown(AddCustomerPage.java:51)
at page.AddCustomerPage.selectFromDropDown(AddCustomerPage.java:51)
at page.AddCustomerPage.selectFromDropDown(AddCustomerPage.java:51)
at page.AddCustomerPage.selectFromDropDown(AddCustomerPage.java:51)
at page.AddCustomerPage.selectFromDropDown(AddCustomerPage.java:51)
at page.AddCustomerPage.selectFromDropDown(AddCustomerPage.java:51)
at page.AddCustomerPage.selectFromDropDown(AddCustomerPage.java:51)
at page.AddCustomerPage.selectFromDropDown(AddCustomerPage.java:51)
at page.AddCustomerPage.selectFromDropDown(AddCustomerPage.java:51)
at page.AddCustomerPage.selectFromDropDown(AddCustomerPage.java:51)
at page.AddCustomerPage.selectFromDropDown(AddCustomerPage.java:51)
at page.AddCustomerPage.selectFromDropDown(AddCustomerPage.java:51)
at page.AddCustomerPage.selectFromDropDown(AddCustomerPage.java:51)
at page.AddCustomerPage.selectFromDropDown(AddCustomerPage.java:51)
at page.AddCustomerPage.selectFromDropDown(AddCustomerPage.java:51)
at page.AddCustomerPage.selectFromDropDown(AddCustomerPage.java:51)
at page.AddCustomerPage.selectFromDropDown(AddCustomerPage.java:51)
at page.AddCustomerPage.selectFromDropDown(AddCustomerPage.java:51)
at page.AddCustomerPage.selectFromDropDown(AddCustomerPage.java:51)
at page.AddCustomerPage.selectFromDropDown(AddCustomerPage.java:51)
at page.AddCustomerPage.selectFromDropDown(AddCustomerPage.java:51)
at page.AddCustomerPage.selectFromDropDown(AddCustomerPage.java:51)
at page.AddCustomerPage.selectFromDropDown(AddCustomerPage.java:51)
at page.AddCustomerPage.selectFromDropDown(AddCustomerPage.java:51)
at page.AddCustomerPage.selectFromDropDown(AddCustomerPage.java:51)
at page.AddCustomerPage.selectFromDropDown(AddCustomerPage.java:51)
at page.AddCustomerPage.selectFromDropDown(AddCustomerPage.java:51)
at page.AddCustomerPage.selectFromDropDown(AddCustomerPage.java:51)
at page.AddCustomerPage.selectFromDropDown(AddCustomerPage.java:51)
at page.AddCustomerPage.selectFromDropDown(AddCustomerPage.java:51)
at page.AddCustomerPage.selectFromDropDown(AddCustomerPage.java:51)
at page.AddCustomerPage.selectFromDropDown(AddCustomerPage.java:51)
at page.AddCustomerPage.selectFromDropDown(AddCustomerPage.java:51)
at page.AddCustomerPage.selectFromDropDown(AddCustomerPage.java:51)
at page.AddCustomerPage.selectFromDropDown(AddCustomerPage.java:51)
at page.AddCustomerPage.selectFromDropDown(AddCustomerPage.java:51)
at page.AddCustomerPage.selectFromDropDown(AddCustomerPage.java:51)
at page.AddCustomerPage.selectFromDropDown(AddCustomerPage.java:51)
at page.AddCustomerPage.selectFromDropDown(AddCustomerPage.java:51)
at page.AddCustomerPage.selectFromDropDown(AddCustomerPage.java:51)
at page.AddCustomerPage.selectFromDropDown(AddCustomerPage.java:51)
at page.AddCustomerPage.selectFromDropDown(AddCustomerPage.java:51)
at page.AddCustomerPage.selectFromDropDown(AddCustomerPage.java:51)
at page.AddCustomerPage.selectFromDropDown(AddCustomerPage.java:51)
at page.AddCustomerPage.selectFromDropDown(AddCustomerPage.java:51)
at page.AddCustomerPage.selectFromDropDown(AddCustomerPage.java:51)
at page.AddCustomerPage.selectFromDropDown(AddCustomerPage.java:51)
at page.AddCustomerPage.selectFromDropDown(AddCustomerPage.java:51)
at page.AddCustomerPage.selectFromDropDown(AddCustomerPage.java:51)
at page.AddCustomerPage.selectFromDropDown(AddCustomerPage.java:51)
at page.AddCustomerPage.selectFromDropDown(AddCustomerPage.java:51)
at page.AddCustomerPage.selectFromDropDown(AddCustomerPage.java:51)
at page.AddCustomerPage.selectFromDropDown(AddCustomerPage.java:51)
at page.AddCustomerPage.selectFromDropDown(AddCustomerPage.java:51)
at page.AddCustomerPage.selectFromDropDown(AddCustomerPage.java:51)
at page.AddCustomerPage.selectFromDropDown(AddCustomerPage.java:51)
at page.AddCustomerPage.selectFromDropDown(AddCustomerPage.java:51)
at page.AddCustomerPage.selectFromDropDown(AddCustomerPage.java:51)
at page.AddCustomerPage.selectFromDropDown(AddCustomerPage.java:51)
at page.AddCustomerPage.selectFromDropDown(AddCustomerPage.java:51)
at page.AddCustomerPage.selectFromDropDown(AddCustomerPage.java:51)
at page.AddCustomerPage.selectFromDropDown(AddCustomerPage.java:51)
at page.AddCustomerPage.selectFromDropDown(AddCustomerPage.java:51)
at page.AddCustomerPage.selectFromDropDown(AddCustomerPage.java:51)
at page.AddCustomerPage.selectFromDropDown(AddCustomerPage.java:51)
at page.AddCustomerPage.selectFromDropDown(AddCustomerPage.java:51)
at page.AddCustomerPage.selectFromDropDown(AddCustomerPage.java:51)
at page.AddCustomerPage.selectFromDropDown(AddCustomerPage.java:51)
at page.AddCustomerPage.selectFromDropDown(AddCustomerPage.java:51)
at page.AddCustomerPage.selectFromDropDown(AddCustomerPage.java:51)
at page.AddCustomerPage.selectFromDropDown(AddCustomerPage.java:51)
at page.AddCustomerPage.selectFromDropDown(AddCustomerPage.java:51)
at page.AddCustomerPage.selectFromDropDown(AddCustomerPage.java:51)
at page.AddCustomerPage.selectFromDropDown(AddCustomerPage.java:51)
at page.AddCustomerPage.selectFromDropDown(AddCustomerPage.java:51)
at page.AddCustomerPage.selectFromDropDown(AddCustomerPage.java:51)
at page.AddCustomerPage.selectFromDropDown(AddCustomerPage.java:51)
at page.AddCustomerPage.selectFromDropDown(AddCustomerPage.java:51)
at page.AddCustomerPage.selectFromDropDown(AddCustomerPage.java:51)
at page.AddCustomerPage.selectFromDropDown(AddCustomerPage.java:51)
at page.AddCustomerPage.selectFromDropDown(AddCustomerPage.java:51)
at page.AddCustomerPage.selectFromDropDown(AddCustomerPage.java:51)
at page.AddCustomerPage.selectFromDropDown(AddCustomerPage.java:51)
at page.AddCustomerPage.selectFromDropDown(AddCustomerPage.java:51)
at page.AddCustomerPage.selectFromDropDown(AddCustomerPage.java:51)
at page.AddCustomerPage.selectFromDropDown(AddCustomerPage.java:51)
at page.AddCustomerPage.selectFromDropDown(AddCustomerPage.java:51)
at page.AddCustomerPage.selectFromDropDown(AddCustomerPage.java:51)
at page.AddCustomerPage.selectFromDropDown(AddCustomerPage.java:51)
at page.AddCustomerPage.selectFromDropDown(AddCustomerPage.java:51)
at page.AddCustomerPage.selectFromDropDown(AddCustomerPage.java:51)
at page.AddCustomerPage.selectFromDropDown(AddCustomerPage.java:51)
at page.AddCustomerPage.selectFromDropDown(AddCustomerPage.java:51)
at page.AddCustomerPage.selectFromDropDown(AddCustomerPage.java:51)
at page.AddCustomerPage.selectFromDropDown(AddCustomerPage.java:51)
at page.AddCustomerPage.selectFromDropDown(AddCustomerPage.java:51)
at page.AddCustomerPage.selectFromDropDown(AddCustomerPage.java:51)
at page.AddCustomerPage.selectFromDropDown(AddCustomerPage.java:51)
at page.AddCustomerPage.selectFromDropDown(AddCustomerPage.java:51)
at page.AddCustomerPage.selectFromDropDown(AddCustomerPage.java:51)
at page.AddCustomerPage.selectFromDropDown(AddCustomerPage.java:51)
at page.AddCustomerPage.selectFromDropDown(AddCustomerPage.java:51)
at page.AddCustomerPage.selectFromDropDown(AddCustomerPage.java:51)
at page.AddCustomerPage.selectFromDropDown(AddCustomerPage.java:51)
at page.AddCustomerPage.selectFromDropDown(AddCustomerPage.java:51)
at page.AddCustomerPage.selectFromDropDown(AddCustomerPage.java:51)
at page.AddCustomerPage.selectFromDropDown(AddCustomerPage.java:51)
at page.AddCustomerPage.selectFromDropDown(AddCustomerPage.java:51)
at page.AddCustomerPage.selectFromDropDown(AddCustomerPage.java:51)
at page.AddCustomerPage.selectFromDropDown(AddCustomerPage.java:51)
at page.AddCustomerPage.selectFromDropDown(AddCustomerPage.java:51)
at page.AddCustomerPage.selectFromDropDown(AddCustomerPage.java:51)
at page.AddCustomerPage.selectFromDropDown(AddCustomerPage.java:51)
at page.AddCustomerPage.selectFromDropDown(AddCustomerPage.java:51)
at page.AddCustomerPage.selectFromDropDown(AddCustomerPage.java:51)
at page.AddCustomerPage.selectFromDropDown(AddCustomerPage.java:51)
at page.AddCustomerPage.selectFromDropDown(AddCustomerPage.java:51)
at page.AddCustomerPage.selectFromDropDown(AddCustomerPage.java:51)
at page.AddCustomerPage.selectFromDropDown(AddCustomerPage.java:51)
at page.AddCustomerPage.selectFromDropDown(AddCustomerPage.java:51)
at page.AddCustomerPage.selectFromDropDown(AddCustomerPage.java:51)
at page.AddCustomerPage.selectFromDropDown(AddCustomerPage.java:51)
at page.AddCustomerPage.selectFromDropDown(AddCustomerPage.java:51)
at page.AddCustomerPage.selectFromDropDown(AddCustomerPage.java:51)
at page.AddCustomerPage.selectFromDropDown(AddCustomerPage.java:51)
at page.AddCustomerPage.selectFromDropDown(AddCustomerPage.java:51)
at page.AddCustomerPage.selectFromDropDown(AddCustomerPage.java:51)
at page.AddCustomerPage.selectFromDropDown(AddCustomerPage.java:51)
at page.AddCustomerPage.selectFromDropDown(AddCustomerPage.java:51)
at page.AddCustomerPage.selectFromDropDown(AddCustomerPage.java:51)
at page.AddCustomerPage.selectFromDropDown(AddCustomerPage.java:51)
at page.AddCustomerPage.selectFromDropDown(AddCustomerPage.java:51)
at page.AddCustomerPage.selectFromDropDown(AddCustomerPage.java:51)
at page.AddCustomerPage.selectFromDropDown(AddCustomerPage.java:51)
at page.AddCustomerPage.selectFromDropDown(AddCustomerPage.java:51)
at page.AddCustomerPage.selectFromDropDown(AddCustomerPage.java:51)
at page.AddCustomerPage.selectFromDropDown(AddCustomerPage.java:51)
at page.AddCustomerPage.selectFromDropDown(AddCustomerPage.java:51)
at page.AddCustomerPage.selectFromDropDown(AddCustomerPage.java:51)
at page.AddCustomerPage.selectFromDropDown(AddCustomerPage.java:51)
at page.AddCustomerPage.selectFromDropDown(AddCustomerPage.java:51)
at page.AddCustomerPage.selectFromDropDown(AddCustomerPage.java:51)
at page.AddCustomerPage.selectFromDropDown(AddCustomerPage.java:51)
at page.AddCustomerPage.selectFromDropDown(AddCustomerPage.java:51)
at page.AddCustomerPage.selectFromDropDown(AddCustomerPage.java:51)
at page.AddCustomerPage.selectFromDropDown(AddCustomerPage.java:51)
at page.AddCustomerPage.selectFromDropDown(AddCustomerPage.java:51)
at page.AddCustomerPage.selectFromDropDown(AddCustomerPage.java:51)
at page.AddCustomerPage.selectFromDropDown(AddCustomerPage.java:51)
at page.AddCustomerPage.selectFromDropDown(AddCustomerPage.java:51)
at page.AddCustomerPage.selectFromDropDown(AddCustomerPage.java:51)
at page.AddCustomerPage.selectFromDropDown(AddCustomerPage.java:51)
at page.AddCustomerPage.selectFromDropDown(AddCustomerPage.java:51)
at page.AddCustomerPage.selectFromDropDown(AddCustomerPage.java:51)
at page.AddCustomerPage.selectFromDropDown(AddCustomerPage.java:51)
at page.AddCustomerPage.selectFromDropDown(AddCustomerPage.java:51)
at page.AddCustomerPage.selectFromDropDown(AddCustomerPage.java:51)
at page.AddCustomerPage.selectFromDropDown(AddCustomerPage.java:51)
at page.AddCustomerPage.selectFromDropDown(AddCustomerPage.java:51)
at page.AddCustomerPage.selectFromDropDown(AddCustomerPage.java:51)
at page.AddCustomerPage.selectFromDropDown(AddCustomerPage.java:51)
at page.AddCustomerPage.selectFromDropDown(AddCustomerPage.java:51)
at page.AddCustomerPage.selectFromDropDown(AddCustomerPage.java:51)
at page.AddCustomerPage.selectFromDropDown(AddCustomerPage.java:51)
at page.AddCustomerPage.selectFromDropDown(AddCustomerPage.java:51)
at page.AddCustomerPage.selectFromDropDown(AddCustomerPage.java:51)
at page.AddCustomerPage.selectFromDropDown(AddCustomerPage.java:51)
at page.AddCustomerPage.selectFromDropDown(AddCustomerPage.java:51)
at page.AddCustomerPage.selectFromDropDown(AddCustomerPage.java:51)
at page.AddCustomerPage.selectFromDropDown(AddCustomerPage.java:51)
at page.AddCustomerPage.selectFromDropDown(AddCustomerPage.java:51)
at page.AddCustomerPage.selectFromDropDown(AddCustomerPage.java:51)
at page.AddCustomerPage.selectFromDropDown(AddCustomerPage.java:51)
at page.AddCustomerPage.selectFromDropDown(AddCustomerPage.java:51)
at page.AddCustomerPage.selectFromDropDown(AddCustomerPage.java:51)
at page.AddCustomerPage.selectFromDropDown(AddCustomerPage.java:51)
at page.AddCustomerPage.selectFromDropDown(AddCustomerPage.java:51)
at page.AddCustomerPage.selectFromDropDown(AddCustomerPage.java:51)
at page.AddCustomerPage.selectFromDropDown(AddCustomerPage.java:51)
at page.AddCustomerPage.selectFromDropDown(AddCustomerPage.java:51)
at page.AddCustomerPage.selectFromDropDown(AddCustomerPage.java:51)
at page.AddCustomerPage.selectFromDropDown(AddCustomerPage.java:51)
at page.AddCustomerPage.selectFromDropDown(AddCustomerPage.java:51)
at page.AddCustomerPage.selectFromDropDown(AddCustomerPage.java:51)
at page.AddCustomerPage.selectFromDropDown(AddCustomerPage.java:51)
at page.AddCustomerPage.selectFromDropDown(AddCustomerPage.java:51)
at page.AddCustomerPage.selectFromDropDown(AddCustomerPage.java:51)
at page.AddCustomerPage.selectFromDropDown(AddCustomerPage.java:51)
at page.AddCustomerPage.selectFromDropDown(AddCustomerPage.java:51)
at page.AddCustomerPage.selectFromDropDown(AddCustomerPage.java:51)
at page.AddCustomerPage.selectFromDropDown(AddCustomerPage.java:51)
at page.AddCustomerPage.selectFromDropDown(AddCustomerPage.java:51)
at page.AddCustomerPage.selectFromDropDown(AddCustomerPage.java:51)
at page.AddCustomerPage.selectFromDropDown(AddCustomerPage.java:51)
at page.AddCustomerPage.selectFromDropDown(AddCustomerPage.java:51)
at page.AddCustomerPage.selectFromDropDown(AddCustomerPage.java:51)
at page.AddCustomerPage.selectFromDropDown(AddCustomerPage.java:51)
at page.AddCustomerPage.selectFromDropDown(AddCustomerPage.java:51)
at page.AddCustomerPage.selectFromDropDown(AddCustomerPage.java:51)
at page.AddCustomerPage.selectFromDropDown(AddCustomerPage.java:51)
at page.AddCustomerPage.selectFromDropDown(AddCustomerPage.java:51)
at page.AddCustomerPage.selectFromDropDown(AddCustomerPage.java:51)
at page.AddCustomerPage.selectFromDropDown(AddCustomerPage.java:51)
at page.AddCustomerPage.selectFromDropDown(AddCustomerPage.java:51)
at page.AddCustomerPage.selectFromDropDown(AddCustomerPage.java:51)
at page.AddCustomerPage.selectFromDropDown(AddCustomerPage.java:51)
at page.AddCustomerPage.selectFromDropDown(AddCustomerPage.java:51)
at page.AddCustomerPage.selectFromDropDown(AddCustomerPage.java:51)
at page.AddCustomerPage.selectFromDropDown(AddCustomerPage.java:51)
at page.AddCustomerPage.selectFromDropDown(AddCustomerPage.java:51)
at page.AddCustomerPage.selectFromDropDown(AddCustomerPage.java:51)
at page.AddCustomerPage.selectFromDropDown(AddCustomerPage.java:51)
at page.AddCustomerPage.selectFromDropDown(AddCustomerPage.java:51)
at page.AddCustomerPage.selectFromDropDown(AddCustomerPage.java:51)
at page.AddCustomerPage.selectFromDropDown(AddCustomerPage.java:51)
at page.AddCustomerPage.selectFromDropDown(AddCustomerPage.java:51)
at page.AddCustomerPage.selectFromDropDown(AddCustomerPage.java:51)
at page.AddCustomerPage.selectFromDropDown(AddCustomerPage.java:51)
at page.AddCustomerPage.selectFromDropDown(AddCustomerPage.java:51)
at page.AddCustomerPage.selectFromDropDown(AddCustomerPage.java:51)
at page.AddCustomerPage.selectFromDropDown(AddCustomerPage.java:51)
at page.AddCustomerPage.selectFromDropDown(AddCustomerPage.java:51)
at page.AddCustomerPage.selectFromDropDown(AddCustomerPage.java:51)
at page.AddCustomerPage.selectFromDropDown(AddCustomerPage.java:51)
at page.AddCustomerPage.selectFromDropDown(AddCustomerPage.java:51)
at page.AddCustomerPage.selectFromDropDown(AddCustomerPage.java:51)
at page.AddCustomerPage.selectFromDropDown(AddCustomerPage.java:51)
at page.AddCustomerPage.selectFromDropDown(AddCustomerPage.java:51)
at page.AddCustomerPage.selectFromDropDown(AddCustomerPage.java:51)
at page.AddCustomerPage.selectFromDropDown(AddCustomerPage.java:51)
at page.AddCustomerPage.selectFromDropDown(AddCustomerPage.java:51)
at page.AddCustomerPage.selectFromDropDown(AddCustomerPage.java:51)
at page.AddCustomerPage.selectFromDropDown(AddCustomerPage.java:51)
at page.AddCustomerPage.selectFromDropDown(AddCustomerPage.java:51)
at page.AddCustomerPage.selectFromDropDown(AddCustomerPage.java:51)
at page.AddCustomerPage.selectFromDropDown(AddCustomerPage.java:51)
at page.AddCustomerPage.selectFromDropDown(AddCustomerPage.java:51)
at page.AddCustomerPage.selectFromDropDown(AddCustomerPage.java:51)
at page.AddCustomerPage.selectFromDropDown(AddCustomerPage.java:51)
at page.AddCustomerPage.selectFromDropDown(AddCustomerPage.java:51)
at page.AddCustomerPage.selectFromDropDown(AddCustomerPage.java:51)
at page.AddCustomerPage.selectFromDropDown(AddCustomerPage.java:51)
at page.AddCustomerPage.selectFromDropDown(AddCustomerPage.java:51)
at page.AddCustomerPage.selectFromDropDown(AddCustomerPage.java:51)
at page.AddCustomerPage.selectFromDropDown(AddCustomerPage.java:51)
at page.AddCustomerPage.selectFromDropDown(AddCustomerPage.java:51)
at page.AddCustomerPage.selectFromDropDown(AddCustomerPage.java:51)
at page.AddCustomerPage.selectFromDropDown(AddCustomerPage.java:51)
at page.AddCustomerPage.selectFromDropDown(AddCustomerPage.java:51)
at page.AddCustomerPage.selectFromDropDown(AddCustomerPage.java:51)
at page.AddCustomerPage.selectFromDropDown(AddCustomerPage.java:51)
at page.AddCustomerPage.selectFromDropDown(AddCustomerPage.java:51)
at page.AddCustomerPage.selectFromDropDown(AddCustomerPage.java:51)
at page.AddCustomerPage.selectFromDropDown(AddCustomerPage.java:51)
at page.AddCustomerPage.selectFromDropDown(AddCustomerPage.java:51)
at page.AddCustomerPage.selectFromDropDown(AddCustomerPage.java:51)
at page.AddCustomerPage.selectFromDropDown(AddCustomerPage.java:51)
at page.AddCustomerPage.selectFromDropDown(AddCustomerPage.java:51)
at page.AddCustomerPage.selectFromDropDown(AddCustomerPage.java:51)
at page.AddCustomerPage.selectFromDropDown(AddCustomerPage.java:51)
at page.AddCustomerPage.selectFromDropDown(AddCustomerPage.java:51)
at page.AddCustomerPage.selectFromDropDown(AddCustomerPage.java:51)
at page.AddCustomerPage.selectFromDropDown(AddCustomerPage.java:51)
at page.AddCustomerPage.selectFromDropDown(AddCustomerPage.java:51)
at page.AddCustomerPage.selectFromDropDown(AddCustomerPage.java:51)
at page.AddCustomerPage.selectFromDropDown(AddCustomerPage.java:51)
at page.AddCustomerPage.selectFromDropDown(AddCustomerPage.java:51)
at page.AddCustomerPage.selectFromDropDown(AddCustomerPage.java:51)
at page.AddCustomerPage.selectFromDropDown(AddCustomerPage.java:51)
at page.AddCustomerPage.selectFromDropDown(AddCustomerPage.java:51)
at page.AddCustomerPage.selectFromDropDown(AddCustomerPage.java:51)
at page.AddCustomerPage.selectFromDropDown(AddCustomerPage.java:51)
at page.AddCustomerPage.selectFromDropDown(AddCustomerPage.java:51)
at page.AddCustomerPage.selectFromDropDown(AddCustomerPage.java:51)
at page.AddCustomerPage.selectFromDropDown(AddCustomerPage.java:51)
at page.AddCustomerPage.selectFromDropDown(AddCustomerPage.java:51)
at page.AddCustomerPage.selectFromDropDown(AddCustomerPage.java:51)
at page.AddCustomerPage.selectFromDropDown(AddCustomerPage.java:51)
at page.AddCustomerPage.selectFromDropDown(AddCustomerPage.java:51)
at page.AddCustomerPage.selectFromDropDown(AddCustomerPage.java:51)
at page.AddCustomerPage.selectFromDropDown(AddCustomerPage.java:51)
at page.AddCustomerPage.selectFromDropDown(AddCustomerPage.java:51)
at page.AddCustomerPage.selectFromDropDown(AddCustomerPage.java:51)
at page.AddCustomerPage.selectFromDropDown(AddCustomerPage.java:51)
at page.AddCustomerPage.selectFromDropDown(AddCustomerPage.java:51)
at page.AddCustomerPage.selectFromDropDown(AddCustomerPage.java:51)
at page.AddCustomerPage.selectFromDropDown(AddCustomerPage.java:51)
at page.AddCustomerPage.selectFromDropDown(AddCustomerPage.java:51)
at page.AddCustomerPage.selectFromDropDown(AddCustomerPage.java:51)
at page.AddCustomerPage.selectFromDropDown(AddCustomerPage.java:51)
at page.AddCustomerPage.selectFromDropDown(AddCustomerPage.java:51)
at page.AddCustomerPage.selectFromDropDown(AddCustomerPage.java:51)
at page.AddCustomerPage.selectFromDropDown(AddCustomerPage.java:51)
at page.AddCustomerPage.selectFromDropDown(AddCustomerPage.java:51)
at page.AddCustomerPage.selectFromDropDown(AddCustomerPage.java:51)
at page.AddCustomerPage.selectFromDropDown(AddCustomerPage.java:51)
at page.AddCustomerPage.selectFromDropDown(AddCustomerPage.java:51)
at page.AddCustomerPage.selectFromDropDown(AddCustomerPage.java:51)
at page.AddCustomerPage.selectFromDropDown(AddCustomerPage.java:51)
at page.AddCustomerPage.selectFromDropDown(AddCustomerPage.java:51)
at page.AddCustomerPage.selectFromDropDown(AddCustomerPage.java:51)
at page.AddCustomerPage.selectFromDropDown(AddCustomerPage.java:51)
at page.AddCustomerPage.selectFromDropDown(AddCustomerPage.java:51)
at page.AddCustomerPage.selectFromDropDown(AddCustomerPage.java:51)
at page.AddCustomerPage.selectFromDropDown(AddCustomerPage.java:51)
at page.AddCustomerPage.selectFromDropDown(AddCustomerPage.java:51)
at page.AddCustomerPage.selectFromDropDown(AddCustomerPage.java:51)
at page.AddCustomerPage.selectFromDropDown(AddCustomerPage.java:51)
at page.AddCustomerPage.selectFromDropDown(AddCustomerPage.java:51)
at page.AddCustomerPage.selectFromDropDown(AddCustomerPage.java:51)
at page.AddCustomerPage.selectFromDropDown(AddCustomerPage.java:51)
at page.AddCustomerPage.selectFromDropDown(AddCustomerPage.java:51)
at page.AddCustomerPage.selectFromDropDown(AddCustomerPage.java:51)
at page.AddCustomerPage.selectFromDropDown(AddCustomerPage.java:51)
at page.AddCustomerPage.selectFromDropDown(AddCustomerPage.java:51)
at page.AddCustomerPage.selectFromDropDown(AddCustomerPage.java:51)
at page.AddCustomerPage.selectFromDropDown(AddCustomerPage.java:51)
at page.AddCustomerPage.selectFromDropDown(AddCustomerPage.java:51)
at page.AddCustomerPage.selectFromDropDown(AddCustomerPage.java:51)
at page.AddCustomerPage.selectFromDropDown(AddCustomerPage.java:51)
at page.AddCustomerPage.selectFromDropDown(AddCustomerPage.java:51)
at page.AddCustomerPage.selectFromDropDown(AddCustomerPage.java:51)
at page.AddCustomerPage.selectFromDropDown(AddCustomerPage.java:51)
at page.AddCustomerPage.selectFromDropDown(AddCustomerPage.java:51)
at page.AddCustomerPage.selectFromDropDown(AddCustomerPage.java:51)
at page.AddCustomerPage.selectFromDropDown(AddCustomerPage.java:51)
at page.AddCustomerPage.selectFromDropDown(AddCustomerPage.java:51)
at page.AddCustomerPage.selectFromDropDown(AddCustomerPage.java:51)
at page.AddCustomerPage.selectFromDropDown(AddCustomerPage.java:51)
at page.AddCustomerPage.selectFromDropDown(AddCustomerPage.java:51)
at page.AddCustomerPage.selectFromDropDown(AddCustomerPage.java:51)
at page.AddCustomerPage.selectFromDropDown(AddCustomerPage.java:51)
at page.AddCustomerPage.selectFromDropDown(AddCustomerPage.java:51)
at page.AddCustomerPage.selectFromDropDown(AddCustomerPage.java:51)
at page.AddCustomerPage.selectFromDropDown(AddCustomerPage.java:51)
at page.AddCustomerPage.selectFromDropDown(AddCustomerPage.java:51)
at page.AddCustomerPage.selectFromDropDown(AddCustomerPage.java:51)
at page.AddCustomerPage.selectFromDropDown(AddCustomerPage.java:51)
at page.AddCustomerPage.selectFromDropDown(AddCustomerPage.java:51)
at page.AddCustomerPage.selectFromDropDown(AddCustomerPage.java:51)
at page.AddCustomerPage.selectFromDropDown(AddCustomerPage.java:51)
at page.AddCustomerPage.selectFromDropDown(AddCustomerPage.java:51)
at page.AddCustomerPage.selectFromDropDown(AddCustomerPage.java:51)
at page.AddCustomerPage.selectFromDropDown(AddCustomerPage.java:51)
at page.AddCustomerPage.selectFromDropDown(AddCustomerPage.java:51)
at page.AddCustomerPage.selectFromDropDown(AddCustomerPage.java:51)
at page.AddCustomerPage.selectFromDropDown(AddCustomerPage.java:51)
at page.AddCustomerPage.selectFromDropDown(AddCustomerPage.java:51)
at page.AddCustomerPage.selectFromDropDown(AddCustomerPage.java:51)
at page.AddCustomerPage.selectFromDropDown(AddCustomerPage.java:51)
at page.AddCustomerPage.selectFromDropDown(AddCustomerPage.java:51)
at page.AddCustomerPage.selectFromDropDown(AddCustomerPage.java:51)
at page.AddCustomerPage.selectFromDropDown(AddCustomerPage.java:51)
at page.AddCustomerPage.selectFromDropDown(AddCustomerPage.java:51)
at page.AddCustomerPage.selectFromDropDown(AddCustomerPage.java:51)
at page.AddCustomerPage.selectFromDropDown(AddCustomerPage.java:51)
at page.AddCustomerPage.selectFromDropDown(AddCustomerPage.java:51)
at page.AddCustomerPage.selectFromDropDown(AddCustomerPage.java:51)
at page.AddCustomerPage.selectFromDropDown(AddCustomerPage.java:51)
at page.AddCustomerPage.selectFromDropDown(AddCustomerPage.java:51)
at page.AddCustomerPage.selectFromDropDown(AddCustomerPage.java:51)
at page.AddCustomerPage.selectFromDropDown(AddCustomerPage.java:51)
at page.AddCustomerPage.selectFromDropDown(AddCustomerPage.java:51)
at page.AddCustomerPage.selectFromDropDown(AddCustomerPage.java:51)
at page.AddCustomerPage.selectFromDropDown(AddCustomerPage.java:51)
at page.AddCustomerPage.selectFromDropDown(AddCustomerPage.java:51)
at page.AddCustomerPage.selectFromDropDown(AddCustomerPage.java:51)
at page.AddCustomerPage.selectFromDropDown(AddCustomerPage.java:51)
at page.AddCustomerPage.selectFromDropDown(AddCustomerPage.java:51)
at page.AddCustomerPage.selectFromDropDown(AddCustomerPage.java:51)
at page.AddCustomerPage.selectFromDropDown(AddCustomerPage.java:51)
at page.AddCustomerPage.selectFromDropDown(AddCustomerPage.java:51)
at page.AddCustomerPage.selectFromDropDown(AddCustomerPage.java:51)
at page.AddCustomerPage.selectFromDropDown(AddCustomerPage.java:51)
at page.AddCustomerPage.selectFromDropDown(AddCustomerPage.java:51)
at page.AddCustomerPage.selectFromDropDown(AddCustomerPage.java:51)
at page.AddCustomerPage.selectFromDropDown(AddCustomerPage.java:51)
at page.AddCustomerPage.selectFromDropDown(AddCustomerPage.java:51)
at page.AddCustomerPage.selectFromDropDown(AddCustomerPage.java:51)
at page.AddCustomerPage.selectFromDropDown(AddCustomerPage.java:51)
at page.AddCustomerPage.selectFromDropDown(AddCustomerPage.java:51)
at page.AddCustomerPage.selectFromDropDown(AddCustomerPage.java:51)
at page.AddCustomerPage.selectFromDropDown(AddCustomerPage.java:51)
at page.AddCustomerPage.selectFromDropDown(AddCustomerPage.java:51)
at page.AddCustomerPage.selectFromDropDown(AddCustomerPage.java:51)
at page.AddCustomerPage.selectFromDropDown(AddCustomerPage.java:51)
at page.AddCustomerPage.selectFromDropDown(AddCustomerPage.java:51)
at page.AddCustomerPage.selectFromDropDown(AddCustomerPage.java:51)
at page.AddCustomerPage.selectFromDropDown(AddCustomerPage.java:51)
at page.AddCustomerPage.selectFromDropDown(AddCustomerPage.java:51)
at page.AddCustomerPage.selectFromDropDown(AddCustomerPage.java:51)
at page.AddCustomerPage.selectFromDropDown(AddCustomerPage.java:51)
at page.AddCustomerPage.selectFromDropDown(AddCustomerPage.java:51)
at page.AddCustomerPage.selectFromDropDown(AddCustomerPage.java:51)
at page.AddCustomerPage.selectFromDropDown(AddCustomerPage.java:51)
at page.AddCustomerPage.selectFromDropDown(AddCustomerPage.java:51)
at page.AddCustomerPage.selectFromDropDown(AddCustomerPage.java:51)
at page.AddCustomerPage.selectFromDropDown(AddCustomerPage.java:51)
at page.AddCustomerPage.selectFromDropDown(AddCustomerPage.java:51)
at page.AddCustomerPage.selectFromDropDown(AddCustomerPage.java:51)
at page.AddCustomerPage.selectFromDropDown(AddCustomerPage.java:51)
at page.AddCustomerPage.selectFromDropDown(AddCustomerPage.java:51)
at page.AddCustomerPage.selectFromDropDown(AddCustomerPage.java:51)
at page.AddCustomerPage.selectFromDropDown(AddCustomerPage.java:51)
at page.AddCustomerPage.selectFromDropDown(AddCustomerPage.java:51)
at page.AddCustomerPage.selectFromDropDown(AddCustomerPage.java:51)
at page.AddCustomerPage.selectFromDropDown(AddCustomerPage.java:51)
at page.AddCustomerPage.selectFromDropDown(AddCustomerPage.java:51)
at page.AddCustomerPage.selectFromDropDown(AddCustomerPage.java:51)
at page.AddCustomerPage.selectFromDropDown(AddCustomerPage.java:51)
at page.AddCustomerPage.selectFromDropDown(AddCustomerPage.java:51)
at page.AddCustomerPage.selectFromDropDown(AddCustomerPage.java:51)
at page.AddCustomerPage.selectFromDropDown(AddCustomerPage.java:51)
at page.AddCustomerPage.selectFromDropDown(AddCustomerPage.java:51)
at page.AddCustomerPage.selectFromDropDown(AddCustomerPage.java:51)
at page.AddCustomerPage.selectFromDropDown(AddCustomerPage.java:51)
at page.AddCustomerPage.selectFromDropDown(AddCustomerPage.java:51)
at page.AddCustomerPage.selectFromDropDown(AddCustomerPage.java:51)
at page.AddCustomerPage.selectFromDropDown(AddCustomerPage.java:51)
at page.AddCustomerPage.selectFromDropDown(AddCustomerPage.java:51)
at page.AddCustomerPage.selectFromDropDown(AddCustomerPage.java:51)
at page.AddCustomerPage.selectFromDropDown(AddCustomerPage.java:51)
at page.AddCustomerPage.selectFromDropDown(AddCustomerPage.java:51)
at page.AddCustomerPage.selectFromDropDown(AddCustomerPage.java:51)
at page.AddCustomerPage.selectFromDropDown(AddCustomerPage.java:51)
at page.AddCustomerPage.selectFromDropDown(AddCustomerPage.java:51)
at page.AddCustomerPage.selectFromDropDown(AddCustomerPage.java:51)
at page.AddCustomerPage.selectFromDropDown(AddCustomerPage.java:51)
at page.AddCustomerPage.selectFromDropDown(AddCustomerPage.java:51)
at page.AddCustomerPage.selectFromDropDown(AddCustomerPage.java:51)
at page.AddCustomerPage.selectFromDropDown(AddCustomerPage.java:51)
at page.AddCustomerPage.selectFromDropDown(AddCustomerPage.java:51)
at page.AddCustomerPage.selectFromDropDown(AddCustomerPage.java:51)
at page.AddCustomerPage.selectFromDropDown(AddCustomerPage.java:51)
at page.AddCustomerPage.selectFromDropDown(AddCustomerPage.java:51)
at page.AddCustomerPage.selectFromDropDown(AddCustomerPage.java:51)
at page.AddCustomerPage.selectFromDropDown(AddCustomerPage.java:51)
at page.AddCustomerPage.selectFromDropDown(AddCustomerPage.java:51)
at page.AddCustomerPage.selectFromDropDown(AddCustomerPage.java:51)
at page.AddCustomerPage.selectFromDropDown(AddCustomerPage.java:51)
at page.AddCustomerPage.selectFromDropDown(AddCustomerPage.java:51)
at page.AddCustomerPage.selectFromDropDown(AddCustomerPage.java:51)
at page.AddCustomerPage.selectFromDropDown(AddCustomerPage.java:51)
at page.AddCustomerPage.selectFromDropDown(AddCustomerPage.java:51)
at page.AddCustomerPage.selectFromDropDown(AddCustomerPage.java:51)
at page.AddCustomerPage.selectFromDropDown(AddCustomerPage.java:51)
at page.AddCustomerPage.selectFromDropDown(AddCustomerPage.java:51)
at page.AddCustomerPage.selectFromDropDown(AddCustomerPage.java:51)
at page.AddCustomerPage.selectFromDropDown(AddCustomerPage.java:51)
at page.AddCustomerPage.selectFromDropDown(AddCustomerPage.java:51)
at page.AddCustomerPage.selectFromDropDown(AddCustomerPage.java:51)
at page.AddCustomerPage.selectFromDropDown(AddCustomerPage.java:51)
at page.AddCustomerPage.selectFromDropDown(AddCustomerPage.java:51)
at page.AddCustomerPage.selectFromDropDown(AddCustomerPage.java:51)
at page.AddCustomerPage.selectFromDropDown(AddCustomerPage.java:51)
at page.AddCustomerPage.selectFromDropDown(AddCustomerPage.java:51)
at page.AddCustomerPage.selectFromDropDown(AddCustomerPage.java:51)
at page.AddCustomerPage.selectFromDropDown(AddCustomerPage.java:51)
at page.AddCustomerPage.selectFromDropDown(AddCustomerPage.java:51)
at page.AddCustomerPage.selectFromDropDown(AddCustomerPage.java:51)
at page.AddCustomerPage.selectFromDropDown(AddCustomerPage.java:51)
at page.AddCustomerPage.selectFromDropDown(AddCustomerPage.java:51)
at page.AddCustomerPage.selectFromDropDown(AddCustomerPage.java:51)
at page.AddCustomerPage.selectFromDropDown(AddCustomerPage.java:51)
at page.AddCustomerPage.selectFromDropDown(AddCustomerPage.java:51)
at page.AddCustomerPage.selectFromDropDown(AddCustomerPage.java:51)
at page.AddCustomerPage.selectFromDropDown(AddCustomerPage.java:51)
at page.AddCustomerPage.selectFromDropDown(AddCustomerPage.java:51)
at page.AddCustomerPage.selectFromDropDown(AddCustomerPage.java:51)
at page.AddCustomerPage.selectFromDropDown(AddCustomerPage.java:51)
at page.AddCustomerPage.selectFromDropDown(AddCustomerPage.java:51)
at page.AddCustomerPage.selectFromDropDown(AddCustomerPage.java:51)
at page.AddCustomerPage.selectFromDropDown(AddCustomerPage.java:51)
at page.AddCustomerPage.selectFromDropDown(AddCustomerPage.java:51)
at page.AddCustomerPage.selectFromDropDown(AddCustomerPage.java:51)
at page.AddCustomerPage.selectFromDropDown(AddCustomerPage.java:51)
at page.AddCustomerPage.selectFromDropDown(AddCustomerPage.java:51)
at page.AddCustomerPage.selectFromDropDown(AddCustomerPage.java:51)
at page.AddCustomerPage.selectFromDropDown(AddCustomerPage.java:51)
at page.AddCustomerPage.selectFromDropDown(AddCustomerPage.java:51)
at page.AddCustomerPage.selectFromDropDown(AddCustomerPage.java:51)
at page.AddCustomerPage.selectFromDropDown(AddCustomerPage.java:51)
at page.AddCustomerPage.selectFromDropDown(AddCustomerPage.java:51)
at page.AddCustomerPage.selectFromDropDown(AddCustomerPage.java:51)
at page.AddCustomerPage.selectFromDropDown(AddCustomerPage.java:51)
at page.AddCustomerPage.selectFromDropDown(AddCustomerPage.java:51)
at page.AddCustomerPage.selectFromDropDown(AddCustomerPage.java:51)
at page.AddCustomerPage.selectFromDropDown(AddCustomerPage.java:51)
at page.AddCustomerPage.selectFromDropDown(AddCustomerPage.java:51)
at page.AddCustomerPage.selectFromDropDown(AddCustomerPage.java:51)
at page.AddCustomerPage.selectFromDropDown(AddCustomerPage.java:51)
at page.AddCustomerPage.selectFromDropDown(AddCustomerPage.java:51)
at page.AddCustomerPage.selectFromDropDown(AddCustomerPage.java:51)
at page.AddCustomerPage.selectFromDropDown(AddCustomerPage.java:51)
at page.AddCustomerPage.selectFromDropDown(AddCustomerPage.java:51)
at page.AddCustomerPage.selectFromDropDown(AddCustomerPage.java:51)
at page.AddCustomerPage.selectFromDropDown(AddCustomerPage.java:51)
at page.AddCustomerPage.selectFromDropDown(AddCustomerPage.java:51)
at page.AddCustomerPage.selectFromDropDown(AddCustomerPage.java:51)
at page.AddCustomerPage.selectFromDropDown(AddCustomerPage.java:51)
at page.AddCustomerPage.selectFromDropDown(AddCustomerPage.java:51)
at page.AddCustomerPage.selectFromDropDown(AddCustomerPage.java:51)
at page.AddCustomerPage.selectFromDropDown(AddCustomerPage.java:51)
at page.AddCustomerPage.selectFromDropDown(AddCustomerPage.java:51)
at page.AddCustomerPage.selectFromDropDown(AddCustomerPage.java:51)
at page.AddCustomerPage.selectFromDropDown(AddCustomerPage.java:51)
at page.AddCustomerPage.selectFromDropDown(AddCustomerPage.java:51)
at page.AddCustomerPage.selectFromDropDown(AddCustomerPage.java:51)
at page.AddCustomerPage.selectFromDropDown(AddCustomerPage.java:51)
at page.AddCustomerPage.selectFromDropDown(AddCustomerPage.java:51)
at page.AddCustomerPage.selectFromDropDown(AddCustomerPage.java:51)
at page.AddCustomerPage.selectFromDropDown(AddCustomerPage.java:51)
at page.AddCustomerPage.selectFromDropDown(AddCustomerPage.java:51)
at page.AddCustomerPage.selectFromDropDown(AddCustomerPage.java:51)
at page.AddCustomerPage.selectFromDropDown(AddCustomerPage.java:51)
at page.AddCustomerPage.selectFromDropDown(AddCustomerPage.java:51)
at page.AddCustomerPage.selectFromDropDown(AddCustomerPage.java:51)
at page.AddCustomerPage.selectFromDropDown(AddCustomerPage.java:51)
at page.AddCustomerPage.selectFromDropDown(AddCustomerPage.java:51)
at page.AddCustomerPage.selectFromDropDown(AddCustomerPage.java:51)
at page.AddCustomerPage.selectFromDropDown(AddCustomerPage.java:51)
at page.AddCustomerPage.selectFromDropDown(AddCustomerPage.java:51)
at page.AddCustomerPage.selectFromDropDown(AddCustomerPage.java:51)
at page.AddCustomerPage.selectFromDropDown(AddCustomerPage.java:51)
at page.AddCustomerPage.selectFromDropDown(AddCustomerPage.java:51)
at page.AddCustomerPage.selectFromDropDown(AddCustomerPage.java:51)
at page.AddCustomerPage.selectFromDropDown(AddCustomerPage.java:51)
at page.AddCustomerPage.selectFromDropDown(AddCustomerPage.java:51)
at page.AddCustomerPage.selectFromDropDown(AddCustomerPage.java:51)
at page.AddCustomerPage.selectFromDropDown(AddCustomerPage.java:51)
at page.AddCustomerPage.selectFromDropDown(AddCustomerPage.java:51)
at page.AddCustomerPage.selectFromDropDown(AddCustomerPage.java:51)
at page.AddCustomerPage.selectFromDropDown(AddCustomerPage.java:51)
at page.AddCustomerPage.selectFromDropDown(AddCustomerPage.java:51)
at page.AddCustomerPage.selectFromDropDown(AddCustomerPage.java:51)
at page.AddCustomerPage.selectFromDropDown(AddCustomerPage.java:51)
at page.AddCustomerPage.selectFromDropDown(AddCustomerPage.java:51)
at page.AddCustomerPage.selectFromDropDown(AddCustomerPage.java:51)
at page.AddCustomerPage.selectFromDropDown(AddCustomerPage.java:51)
at page.AddCustomerPage.selectFromDropDown(AddCustomerPage.java:51)
at page.AddCustomerPage.selectFromDropDown(AddCustomerPage.java:51)
at page.AddCustomerPage.selectFromDropDown(AddCustomerPage.java:51)
at page.AddCustomerPage.selectFromDropDown(AddCustomerPage.java:51)
at page.AddCustomerPage.selectFromDropDown(AddCustomerPage.java:51)
at page.AddCustomerPage.selectFromDropDown(AddCustomerPage.java:51)
at page.AddCustomerPage.selectFromDropDown(AddCustomerPage.java:51)
at page.AddCustomerPage.selectFromDropDown(AddCustomerPage.java:51)
at page.AddCustomerPage.selectFromDropDown(AddCustomerPage.java:51)
at page.AddCustomerPage.selectFromDropDown(AddCustomerPage.java:51)
at page.AddCustomerPage.selectFromDropDown(AddCustomerPage.java:51)
at page.AddCustomerPage.selectFromDropDown(AddCustomerPage.java:51)
at page.AddCustomerPage.selectFromDropDown(AddCustomerPage.java:51)
at page.AddCustomerPage.selectFromDropDown(AddCustomerPage.java:51)
at page.AddCustomerPage.selectFromDropDown(AddCustomerPage.java:51)
at page.AddCustomerPage.selectFromDropDown(AddCustomerPage.java:51)
at page.AddCustomerPage.selectFromDropDown(AddCustomerPage.java:51)
at page.AddCustomerPage.selectFromDropDown(AddCustomerPage.java:51)
at page.AddCustomerPage.selectFromDropDown(AddCustomerPage.java:51)
at page.AddCustomerPage.selectFromDropDown(AddCustomerPage.java:51)
at page.AddCustomerPage.selectFromDropDown(AddCustomerPage.java:51)
at page.AddCustomerPage.selectFromDropDown(AddCustomerPage.java:51)
at page.AddCustomerPage.selectFromDropDown(AddCustomerPage.java:51)
at page.AddCustomerPage.selectFromDropDown(AddCustomerPage.java:51)
at page.AddCustomerPage.selectFromDropDown(AddCustomerPage.java:51)
at page.AddCustomerPage.selectFromDropDown(AddCustomerPage.java:51)
at page.AddCustomerPage.selectFromDropDown(AddCustomerPage.java:51)
at page.AddCustomerPage.selectFromDropDown(AddCustomerPage.java:51)
at page.AddCustomerPage.selectFromDropDown(AddCustomerPage.java:51)
at page.AddCustomerPage.selectFromDropDown(AddCustomerPage.java:51)
at page.AddCustomerPage.selectFromDropDown(AddCustomerPage.java:51)
at page.AddCustomerPage.selectFromDropDown(AddCustomerPage.java:51)
at page.AddCustomerPage.selectFromDropDown(AddCustomerPage.java:51)
at page.AddCustomerPage.selectFromDropDown(AddCustomerPage.java:51)
at page.AddCustomerPage.selectFromDropDown(AddCustomerPage.java:51)
at page.AddCustomerPage.selectFromDropDown(AddCustomerPage.java:51)
at page.AddCustomerPage.selectFromDropDown(AddCustomerPage.java:51)
at page.AddCustomerPage.selectFromDropDown(AddCustomerPage.java:51)
at page.AddCustomerPage.selectFromDropDown(AddCustomerPage.java:51)
at page.AddCustomerPage.selectFromDropDown(AddCustomerPage.java:51)
at page.AddCustomerPage.selectFromDropDown(AddCustomerPage.java:51)
at page.AddCustomerPage.selectFromDropDown(AddCustomerPage.java:51)
at page.AddCustomerPage.selectFromDropDown(AddCustomerPage.java:51)
at page.AddCustomerPage.selectFromDropDown(AddCustomerPage.java:51)
at page.AddCustomerPage.selectFromDropDown(AddCustomerPage.java:51)
at page.AddCustomerPage.selectFromDropDown(AddCustomerPage.java:51)
at page.AddCustomerPage.selectFromDropDown(AddCustomerPage.java:51)
at page.AddCustomerPage.selectFromDropDown(AddCustomerPage.java:51)
at page.AddCustomerPage.selectFromDropDown(AddCustomerPage.java:51)
at page.AddCustomerPage.selectFromDropDown(AddCustomerPage.java:51)
at page.AddCustomerPage.selectFromDropDown(AddCustomerPage.java:51)
at page.AddCustomerPage.selectFromDropDown(AddCustomerPage.java:51)
at page.AddCustomerPage.selectFromDropDown(AddCustomerPage.java:51)
at page.AddCustomerPage.selectFromDropDown(AddCustomerPage.java:51)
at page.AddCustomerPage.selectFromDropDown(AddCustomerPage.java:51)
at page.AddCustomerPage.selectFromDropDown(AddCustomerPage.java:51)
at page.AddCustomerPage.selectFromDropDown(AddCustomerPage.java:51)
at page.AddCustomerPage.selectFromDropDown(AddCustomerPage.java:51)
at page.AddCustomerPage.selectFromDropDown(AddCustomerPage.java:51)
at page.AddCustomerPage.selectFromDropDown(AddCustomerPage.java:51)
at page.AddCustomerPage.selectFromDropDown(AddCustomerPage.java:51)
at page.AddCustomerPage.selectFromDropDown(AddCustomerPage.java:51)
at page.AddCustomerPage.selectFromDropDown(AddCustomerPage.java:51)
at page.AddCustomerPage.selectFromDropDown(AddCustomerPage.java:51)
at page.AddCustomerPage.selectFromDropDown(AddCustomerPage.java:51)
at page.AddCustomerPage.selectFromDropDown(AddCustomerPage.java:51)
at page.AddCustomerPage.selectFromDropDown(AddCustomerPage.java:51)
at page.AddCustomerPage.selectFromDropDown(AddCustomerPage.java:51)
at page.AddCustomerPage.selectFromDropDown(AddCustomerPage.java:51)
at page.AddCustomerPage.selectFromDropDown(AddCustomerPage.java:51)
at page.AddCustomerPage.selectFromDropDown(AddCustomerPage.java:51)
at page.AddCustomerPage.selectFromDropDown(AddCustomerPage.java:51)
at page.AddCustomerPage.selectFromDropDown(AddCustomerPage.java:51)
at page.AddCustomerPage.selectFromDropDown(AddCustomerPage.java:51)
at page.AddCustomerPage.selectFromDropDown(AddCustomerPage.java:51)
at page.AddCustomerPage.selectFromDropDown(AddCustomerPage.java:51)
at page.AddCustomerPage.selectFromDropDown(AddCustomerPage.java:51)
]]>
    </failure>
  </testcase> <!-- validUserShouldBeAbleToCreateCustomer -->
</testsuite> <!-- Default test -->
