<?xml version="1.0" encoding="UTF-8"?>
<testng-results skipped="0" failed="1" ignored="0" total="1" passed="0">
  <reporter-output>
  </reporter-output>
  <suite name="Default suite" duration-ms="9051" started-at="2022-03-12T21:27:39 CST" finished-at="2022-03-12T21:27:48 CST">
    <groups>
    </groups>
    <test name="Default test" duration-ms="9051" started-at="2022-03-12T21:27:39 CST" finished-at="2022-03-12T21:27:48 CST">
      <class name="test.AddCustomerTest">
        <test-method status="FAIL" signature="validUserShouldBeAbleToCreateCustomer()[pri:0, instance:test.AddCustomerTest@6ed3ccb2]" name="validUserShouldBeAbleToCreateCustomer" duration-ms="9008" started-at="2022-03-12T21:27:39 CST" finished-at="2022-03-12T21:27:48 CST">
          <exception class="java.lang.StackOverflowError">
            <full-stacktrace>
              <![CDATA[java.lang.StackOverflowError
at page.AddCustomerPage.selectFromDropDown(AddCustomerPage.java:51)
at page.AddCustomerPage.selectFromDropDown(AddCustomerPage.java:51)
at page.AddCustomerPage.selectFromDropDown(AddCustomerPage.java:51)
at page.AddCustomerPage.selectFromDropDown(AddCustomerPage.java:51)
at page.AddCustomerPage.selectFromDropDown(AddCustomerPage.java:51)
at page.AddCustomerPage.selectFromDropDown(AddCustomerPage.java:51)
at page.AddCustomerPage.selectFromDropDown(AddCustomerPage.java:51)
at page.AddCustomerPage.selectFromDropDown(AddCustomerPage.java:51)
at page.AddCustomerPage.selectFromDropDown(AddCustomerPage.java:51)
at page.AddCustomerPage.selectFromDropDown(AddCustomerPage.java:51)
at page.AddCustomerPage.selectFromDropDown(AddCustomerPage.java:51)
at page.AddCustomerPage.selectFromDropDown(AddCustomerPage.java:51)
at page.AddCustomerPage.selectFromDropDown(AddCustomerPage.java:51)
at page.AddCustomerPage.selectFromDropDown(AddCustomerPage.java:51)
at page.AddCustomerPage.selectFromDropDown(AddCustomerPage.java:51)
at page.AddCustomerPage.selectFromDropDown(AddCustomerPage.java:51)
at page.AddCustomerPage.selectFromDropDown(AddCustomerPage.java:51)
at page.AddCustomerPage.selectFromDropDown(AddCustomerPage.java:51)
at page.AddCustomerPage.selectFromDropDown(AddCustomerPage.java:51)
at page.AddCustomerPage.selectFromDropDown(AddCustomerPage.java:51)
at page.AddCustomerPage.selectFromDropDown(AddCustomerPage.java:51)
at page.AddCustomerPage.selectFromDropDown(AddCustomerPage.java:51)
at page.AddCustomerPage.selectFromDropDown(AddCustomerPage.java:51)
at page.AddCustomerPage.selectFromDropDown(AddCustomerPage.java:51)
at page.AddCustomerPage.selectFromDropDown(AddCustomerPage.java:51)
at page.AddCustomerPage.selectFromDropDown(AddCustomerPage.java:51)
at page.AddCustomerPage.selectFromDropDown(AddCustomerPage.java:51)
at page.AddCustomerPage.selectFromDropDown(AddCustomerPage.java:51)
at page.AddCustomerPage.selectFromDropDown(AddCustomerPage.java:51)
at page.AddCustomerPage.selectFromDropDown(AddCustomerPage.java:51)
at page.AddCustomerPage.selectFromDropDown(AddCustomerPage.java:51)
at page.AddCustomerPage.selectFromDropDown(AddCustomerPage.java:51)
at page.AddCustomerPage.selectFromDropDown(AddCustomerPage.java:51)
at page.AddCustomerPage.selectFromDropDown(AddCustomerPage.java:51)
at page.AddCustomerPage.selectFromDropDown(AddCustomerPage.java:51)
at page.AddCustomerPage.selectFromDropDown(AddCustomerPage.java:51)
at page.AddCustomerPage.selectFromDropDown(AddCustomerPage.java:51)
at page.AddCustomerPage.selectFromDropDown(AddCustomerPage.java:51)
at page.AddCustomerPage.selectFromDropDown(AddCustomerPage.java:51)
at page.AddCustomerPage.selectFromDropDown(AddCustomerPage.java:51)
at page.AddCustomerPage.selectFromDropDown(AddCustomerPage.java:51)
at page.AddCustomerPage.selectFromDropDown(AddCustomerPage.java:51)
at page.AddCustomerPage.selectFromDropDown(AddCustomerPage.java:51)
at page.AddCustomerPage.selectFromDropDown(AddCustomerPage.java:51)
at page.AddCustomerPage.selectFromDropDown(AddCustomerPage.java:51)
at page.AddCustomerPage.selectFromDropDown(AddCustomerPage.java:51)
at page.AddCustomerPage.selectFromDropDown(AddCustomerPage.java:51)
at page.AddCustomerPage.selectFromDropDown(AddCustomerPage.java:51)
at page.AddCustomerPage.selectFromDropDown(AddCustomerPage.java:51)
at page.AddCustomerPage.selectFromDropDown(AddCustomerPage.java:51)
at page.AddCustomerPage.selectFromDropDown(AddCustomerPage.java:51)
at page.AddCustomerPage.selectFromDropDown(AddCustomerPage.java:51)
at page.AddCustomerPage.selectFromDropDown(AddCustomerPage.java:51)
at page.AddCustomerPage.selectFromDropDown(AddCustomerPage.java:51)
at page.AddCustomerPage.selectFromDropDown(AddCustomerPage.java:51)
at page.AddCustomerPage.selectFromDropDown(AddCustomerPage.java:51)
at page.AddCustomerPage.selectFromDropDown(AddCustomerPage.java:51)
at page.AddCustomerPage.selectFromDropDown(AddCustomerPage.java:51)
at page.AddCustomerPage.selectFromDropDown(AddCustomerPage.java:51)
at page.AddCustomerPage.selectFromDropDown(AddCustomerPage.java:51)
at page.AddCustomerPage.selectFromDropDown(AddCustomerPage.java:51)
at page.AddCustomerPage.selectFromDropDown(AddCustomerPage.java:51)
at page.AddCustomerPage.selectFromDropDown(AddCustomerPage.java:51)
at page.AddCustomerPage.selectFromDropDown(AddCustomerPage.java:51)
at page.AddCustomerPage.selectFromDropDown(AddCustomerPage.java:51)
at page.AddCustomerPage.selectFromDropDown(AddCustomerPage.java:51)
at page.AddCustomerPage.selectFromDropDown(AddCustomerPage.java:51)
at page.AddCustomerPage.selectFromDropDown(AddCustomerPage.java:51)
at page.AddCustomerPage.selectFromDropDown(AddCustomerPage.java:51)
at page.AddCustomerPage.selectFromDropDown(AddCustomerPage.java:51)
at page.AddCustomerPage.selectFromDropDown(AddCustomerPage.java:51)
at page.AddCustomerPage.selectFromDropDown(AddCustomerPage.java:51)
at page.AddCustomerPage.selectFromDropDown(AddCustomerPage.java:51)
at page.AddCustomerPage.selectFromDropDown(AddCustomerPage.java:51)
at page.AddCustomerPage.selectFromDropDown(AddCustomerPage.java:51)
at page.AddCustomerPage.selectFromDropDown(AddCustomerPage.java:51)
at page.AddCustomerPage.selectFromDropDown(AddCustomerPage.java:51)
at page.AddCustomerPage.selectFromDropDown(AddCustomerPage.java:51)
at page.AddCustomerPage.selectFromDropDown(AddCustomerPage.java:51)
at page.AddCustomerPage.selectFromDropDown(AddCustomerPage.java:51)
at page.AddCustomerPage.selectFromDropDown(AddCustomerPage.java:51)
at page.AddCustomerPage.selectFromDropDown(AddCustomerPage.java:51)
at page.AddCustomerPage.selectFromDropDown(AddCustomerPage.java:51)
at page.AddCustomerPage.selectFromDropDown(AddCustomerPage.java:51)
at page.AddCustomerPage.selectFromDropDown(AddCustomerPage.java:51)
at page.AddCustomerPage.selectFromDropDown(AddCustomerPage.java:51)
at page.AddCustomerPage.selectFromDropDown(AddCustomerPage.java:51)
at page.AddCustomerPage.selectFromDropDown(AddCustomerPage.java:51)
at page.AddCustomerPage.selectFromDropDown(AddCustomerPage.java:51)
at page.AddCustomerPage.selectFromDropDown(AddCustomerPage.java:51)
at page.AddCustomerPage.selectFromDropDown(AddCustomerPage.java:51)
at page.AddCustomerPage.selectFromDropDown(AddCustomerPage.java:51)
at page.AddCustomerPage.selectFromDropDown(AddCustomerPage.java:51)
at page.AddCustomerPage.selectFromDropDown(AddCustomerPage.java:51)
at page.AddCustomerPage.selectFromDropDown(AddCustomerPage.java:51)
at page.AddCustomerPage.selectFromDropDown(AddCustomerPage.java:51)
at page.AddCustomerPage.selectFromDropDown(AddCustomerPage.java:51)
at page.AddCustomerPage.selectFromDropDown(AddCustomerPage.java:51)
at page.AddCustomerPage.selectFromDropDown(AddCustomerPage.java:51)
at page.AddCustomerPage.selectFromDropDown(AddCustomerPage.java:51)
at page.AddCustomerPage.selectFromDropDown(AddCustomerPage.java:51)
at page.AddCustomerPage.selectFromDropDown(AddCustomerPage.java:51)
at page.AddCustomerPage.selectFromDropDown(AddCustomerPage.java:51)
at page.AddCustomerPage.selectFromDropDown(AddCustomerPage.java:51)
at page.AddCustomerPage.selectFromDropDown(AddCustomerPage.java:51)
at page.AddCustomerPage.selectFromDropDown(AddCustomerPage.java:51)
at page.AddCustomerPage.selectFromDropDown(AddCustomerPage.java:51)
at page.AddCustomerPage.selectFromDropDown(AddCustomerPage.java:51)
at page.AddCustomerPage.selectFromDropDown(AddCustomerPage.java:51)
at page.AddCustomerPage.selectFromDropDown(AddCustomerPage.java:51)
at page.AddCustomerPage.selectFromDropDown(AddCustomerPage.java:51)
at page.AddCustomerPage.selectFromDropDown(AddCustomerPage.java:51)
at page.AddCustomerPage.selectFromDropDown(AddCustomerPage.java:51)
at page.AddCustomerPage.selectFromDropDown(AddCustomerPage.java:51)
at page.AddCustomerPage.selectFromDropDown(AddCustomerPage.java:51)
at page.AddCustomerPage.selectFromDropDown(AddCustomerPage.java:51)
at page.AddCustomerPage.selectFromDropDown(AddCustomerPage.java:51)
at page.AddCustomerPage.selectFromDropDown(AddCustomerPage.java:51)
at page.AddCustomerPage.selectFromDropDown(AddCustomerPage.java:51)
at page.AddCustomerPage.selectFromDropDown(AddCustomerPage.java:51)
at page.AddCustomerPage.selectFromDropDown(AddCustomerPage.java:51)
at page.AddCustomerPage.selectFromDropDown(AddCustomerPage.java:51)
at page.AddCustomerPage.selectFromDropDown(AddCustomerPage.java:51)
at page.AddCustomerPage.selectFromDropDown(AddCustomerPage.java:51)
at page.AddCustomerPage.selectFromDropDown(AddCustomerPage.java:51)
at page.AddCustomerPage.selectFromDropDown(AddCustomerPage.java:51)
at page.AddCustomerPage.selectFromDropDown(AddCustomerPage.java:51)
at page.AddCustomerPage.selectFromDropDown(AddCustomerPage.java:51)
at page.AddCustomerPage.selectFromDropDown(AddCustomerPage.java:51)
at page.AddCustomerPage.selectFromDropDown(AddCustomerPage.java:51)
at page.AddCustomerPage.selectFromDropDown(AddCustomerPage.java:51)
at page.AddCustomerPage.selectFromDropDown(AddCustomerPage.java:51)
at page.AddCustomerPage.selectFromDropDown(AddCustomerPage.java:51)
at page.AddCustomerPage.selectFromDropDown(AddCustomerPage.java:51)
at page.AddCustomerPage.selectFromDropDown(AddCustomerPage.java:51)
at page.AddCustomerPage.selectFromDropDown(AddCustomerPage.java:51)
at page.AddCustomerPage.selectFromDropDown(AddCustomerPage.java:51)
at page.AddCustomerPage.selectFromDropDown(AddCustomerPage.java:51)
at page.AddCustomerPage.selectFromDropDown(AddCustomerPage.java:51)
at page.AddCustomerPage.selectFromDropDown(AddCustomerPage.java:51)
at page.AddCustomerPage.selectFromDropDown(AddCustomerPage.java:51)
at page.AddCustomerPage.selectFromDropDown(AddCustomerPage.java:51)
at page.AddCustomerPage.selectFromDropDown(AddCustomerPage.java:51)
at page.AddCustomerPage.selectFromDropDown(AddCustomerPage.java:51)
at page.AddCustomerPage.selectFromDropDown(AddCustomerPage.java:51)
at page.AddCustomerPage.selectFromDropDown(AddCustomerPage.java:51)
at page.AddCustomerPage.selectFromDropDown(AddCustomerPage.java:51)
at page.AddCustomerPage.selectFromDropDown(AddCustomerPage.java:51)
at page.AddCustomerPage.selectFromDropDown(AddCustomerPage.java:51)
at page.AddCustomerPage.selectFromDropDown(AddCustomerPage.java:51)
at page.AddCustomerPage.selectFromDropDown(AddCustomerPage.java:51)
at page.AddCustomerPage.selectFromDropDown(AddCustomerPage.java:51)
at page.AddCustomerPage.selectFromDropDown(AddCustomerPage.java:51)
at page.AddCustomerPage.selectFromDropDown(AddCustomerPage.java:51)
at page.AddCustomerPage.selectFromDropDown(AddCustomerPage.java:51)
at page.AddCustomerPage.selectFromDropDown(AddCustomerPage.java:51)
at page.AddCustomerPage.selectFromDropDown(AddCustomerPage.java:51)
at page.AddCustomerPage.selectFromDropDown(AddCustomerPage.java:51)
at page.AddCustomerPage.selectFromDropDown(AddCustomerPage.java:51)
at page.AddCustomerPage.selectFromDropDown(AddCustomerPage.java:51)
at page.AddCustomerPage.selectFromDropDown(AddCustomerPage.java:51)
at page.AddCustomerPage.selectFromDropDown(AddCustomerPage.java:51)
at page.AddCustomerPage.selectFromDropDown(AddCustomerPage.java:51)
at page.AddCustomerPage.selectFromDropDown(AddCustomerPage.java:51)
at page.AddCustomerPage.selectFromDropDown(AddCustomerPage.java:51)
at page.AddCustomerPage.selectFromDropDown(AddCustomerPage.java:51)
at page.AddCustomerPage.selectFromDropDown(AddCustomerPage.java:51)
at page.AddCustomerPage.selectFromDropDown(AddCustomerPage.java:51)
at page.AddCustomerPage.selectFromDropDown(AddCustomerPage.java:51)
at page.AddCustomerPage.selectFromDropDown(AddCustomerPage.java:51)
at page.AddCustomerPage.selectFromDropDown(AddCustomerPage.java:51)
at page.AddCustomerPage.selectFromDropDown(AddCustomerPage.java:51)
at page.AddCustomerPage.selectFromDropDown(AddCustomerPage.java:51)
at page.AddCustomerPage.selectFromDropDown(AddCustomerPage.java:51)
at page.AddCustomerPage.selectFromDropDown(AddCustomerPage.java:51)
at page.AddCustomerPage.selectFromDropDown(AddCustomerPage.java:51)
at page.AddCustomerPage.selectFromDropDown(AddCustomerPage.java:51)
at page.AddCustomerPage.selectFromDropDown(AddCustomerPage.java:51)
at page.AddCustomerPage.selectFromDropDown(AddCustomerPage.java:51)
at page.AddCustomerPage.selectFromDropDown(AddCustomerPage.java:51)
at page.AddCustomerPage.selectFromDropDown(AddCustomerPage.java:51)
at page.AddCustomerPage.selectFromDropDown(AddCustomerPage.java:51)
at page.AddCustomerPage.selectFromDropDown(AddCustomerPage.java:51)
at page.AddCustomerPage.selectFromDropDown(AddCustomerPage.java:51)
at page.AddCustomerPage.selectFromDropDown(AddCustomerPage.java:51)
at page.AddCustomerPage.selectFromDropDown(AddCustomerPage.java:51)
at page.AddCustomerPage.selectFromDropDown(AddCustomerPage.java:51)
at page.AddCustomerPage.selectFromDropDown(AddCustomerPage.java:51)
at page.AddCustomerPage.selectFromDropDown(AddCustomerPage.java:51)
at page.AddCustomerPage.selectFromDropDown(AddCustomerPage.java:51)
at page.AddCustomerPage.selectFromDropDown(AddCustomerPage.java:51)
at page.AddCustomerPage.selectFromDropDown(AddCustomerPage.java:51)
at page.AddCustomerPage.selectFromDropDown(AddCustomerPage.java:51)
at page.AddCustomerPage.selectFromDropDown(AddCustomerPage.java:51)
at page.AddCustomerPage.selectFromDropDown(AddCustomerPage.java:51)
at page.AddCustomerPage.selectFromDropDown(AddCustomerPage.java:51)
at page.AddCustomerPage.selectFromDropDown(AddCustomerPage.java:51)
at page.AddCustomerPage.selectFromDropDown(AddCustomerPage.java:51)
at page.AddCustomerPage.selectFromDropDown(AddCustomerPage.java:51)
at page.AddCustomerPage.selectFromDropDown(AddCustomerPage.java:51)
at page.AddCustomerPage.selectFromDropDown(AddCustomerPage.java:51)
at page.AddCustomerPage.selectFromDropDown(AddCustomerPage.java:51)
at page.AddCustomerPage.selectFromDropDown(AddCustomerPage.java:51)
at page.AddCustomerPage.selectFromDropDown(AddCustomerPage.java:51)
at page.AddCustomerPage.selectFromDropDown(AddCustomerPage.java:51)
at page.AddCustomerPage.selectFromDropDown(AddCustomerPage.java:51)
at page.AddCustomerPage.selectFromDropDown(AddCustomerPage.java:51)
at page.AddCustomerPage.selectFromDropDown(AddCustomerPage.java:51)
at page.AddCustomerPage.selectFromDropDown(AddCustomerPage.java:51)
at page.AddCustomerPage.selectFromDropDown(AddCustomerPage.java:51)
at page.AddCustomerPage.selectFromDropDown(AddCustomerPage.java:51)
at page.AddCustomerPage.selectFromDropDown(AddCustomerPage.java:51)
at page.AddCustomerPage.selectFromDropDown(AddCustomerPage.java:51)
at page.AddCustomerPage.selectFromDropDown(AddCustomerPage.java:51)
at page.AddCustomerPage.selectFromDropDown(AddCustomerPage.java:51)
at page.AddCustomerPage.selectFromDropDown(AddCustomerPage.java:51)
at page.AddCustomerPage.selectFromDropDown(AddCustomerPage.java:51)
at page.AddCustomerPage.selectFromDropDown(AddCustomerPage.java:51)
at page.AddCustomerPage.selectFromDropDown(AddCustomerPage.java:51)
at page.AddCustomerPage.selectFromDropDown(AddCustomerPage.java:51)
at page.AddCustomerPage.selectFromDropDown(AddCustomerPage.java:51)
at page.AddCustomerPage.selectFromDropDown(AddCustomerPage.java:51)
at page.AddCustomerPage.selectFromDropDown(AddCustomerPage.java:51)
at page.AddCustomerPage.selectFromDropDown(AddCustomerPage.java:51)
at page.AddCustomerPage.selectFromDropDown(AddCustomerPage.java:51)
at page.AddCustomerPage.selectFromDropDown(AddCustomerPage.java:51)
at page.AddCustomerPage.selectFromDropDown(AddCustomerPage.java:51)
at page.AddCustomerPage.selectFromDropDown(AddCustomerPage.java:51)
at page.AddCustomerPage.selectFromDropDown(AddCustomerPage.java:51)
at page.AddCustomerPage.selectFromDropDown(AddCustomerPage.java:51)
at page.AddCustomerPage.selectFromDropDown(AddCustomerPage.java:51)
at page.AddCustomerPage.selectFromDropDown(AddCustomerPage.java:51)
at page.AddCustomerPage.selectFromDropDown(AddCustomerPage.java:51)
at page.AddCustomerPage.selectFromDropDown(AddCustomerPage.java:51)
at page.AddCustomerPage.selectFromDropDown(AddCustomerPage.java:51)
at page.AddCustomerPage.selectFromDropDown(AddCustomerPage.java:51)
at page.AddCustomerPage.selectFromDropDown(AddCustomerPage.java:51)
at page.AddCustomerPage.selectFromDropDown(AddCustomerPage.java:51)
at page.AddCustomerPage.selectFromDropDown(AddCustomerPage.java:51)
at page.AddCustomerPage.selectFromDropDown(AddCustomerPage.java:51)
at page.AddCustomerPage.selectFromDropDown(AddCustomerPage.java:51)
at page.AddCustomerPage.selectFromDropDown(AddCustomerPage.java:51)
at page.AddCustomerPage.selectFromDropDown(AddCustomerPage.java:51)
at page.AddCustomerPage.selectFromDropDown(AddCustomerPage.java:51)
at page.AddCustomerPage.selectFromDropDown(AddCustomerPage.java:51)
at page.AddCustomerPage.selectFromDropDown(AddCustomerPage.java:51)
at page.AddCustomerPage.selectFromDropDown(AddCustomerPage.java:51)
at page.AddCustomerPage.selectFromDropDown(AddCustomerPage.java:51)
at page.AddCustomerPage.selectFromDropDown(AddCustomerPage.java:51)
at page.AddCustomerPage.selectFromDropDown(AddCustomerPage.java:51)
at page.AddCustomerPage.selectFromDropDown(AddCustomerPage.java:51)
at page.AddCustomerPage.selectFromDropDown(AddCustomerPage.java:51)
at page.AddCustomerPage.selectFromDropDown(AddCustomerPage.java:51)
at page.AddCustomerPage.selectFromDropDown(AddCustomerPage.java:51)
at page.AddCustomerPage.selectFromDropDown(AddCustomerPage.java:51)
at page.AddCustomerPage.selectFromDropDown(AddCustomerPage.java:51)
at page.AddCustomerPage.selectFromDropDown(AddCustomerPage.java:51)
at page.AddCustomerPage.selectFromDropDown(AddCustomerPage.java:51)
at page.AddCustomerPage.selectFromDropDown(AddCustomerPage.java:51)
at page.AddCustomerPage.selectFromDropDown(AddCustomerPage.java:51)
at page.AddCustomerPage.selectFromDropDown(AddCustomerPage.java:51)
at page.AddCustomerPage.selectFromDropDown(AddCustomerPage.java:51)
at page.AddCustomerPage.selectFromDropDown(AddCustomerPage.java:51)
at page.AddCustomerPage.selectFromDropDown(AddCustomerPage.java:51)
at page.AddCustomerPage.selectFromDropDown(AddCustomerPage.java:51)
at page.AddCustomerPage.selectFromDropDown(AddCustomerPage.java:51)
at page.AddCustomerPage.selectFromDropDown(AddCustomerPage.java:51)
at page.AddCustomerPage.selectFromDropDown(AddCustomerPage.java:51)
at page.AddCustomerPage.selectFromDropDown(AddCustomerPage.java:51)
at page.AddCustomerPage.selectFromDropDown(AddCustomerPage.java:51)
at page.AddCustomerPage.selectFromDropDown(AddCustomerPage.java:51)
at page.AddCustomerPage.selectFromDropDown(AddCustomerPage.java:51)
at page.AddCustomerPage.selectFromDropDown(AddCustomerPage.java:51)
at page.AddCustomerPage.selectFromDropDown(AddCustomerPage.java:51)
at page.AddCustomerPage.selectFromDropDown(AddCustomerPage.java:51)
at page.AddCustomerPage.selectFromDropDown(AddCustomerPage.java:51)
at page.AddCustomerPage.selectFromDropDown(AddCustomerPage.java:51)
at page.AddCustomerPage.selectFromDropDown(AddCustomerPage.java:51)
at page.AddCustomerPage.selectFromDropDown(AddCustomerPage.java:51)
at page.AddCustomerPage.selectFromDropDown(AddCustomerPage.java:51)
at page.AddCustomerPage.selectFromDropDown(AddCustomerPage.java:51)
at page.AddCustomerPage.selectFromDropDown(AddCustomerPage.java:51)
at page.AddCustomerPage.selectFromDropDown(AddCustomerPage.java:51)
at page.AddCustomerPage.selectFromDropDown(AddCustomerPage.java:51)
at page.AddCustomerPage.selectFromDropDown(AddCustomerPage.java:51)
at page.AddCustomerPage.selectFromDropDown(AddCustomerPage.java:51)
at page.AddCustomerPage.selectFromDropDown(AddCustomerPage.java:51)
at page.AddCustomerPage.selectFromDropDown(AddCustomerPage.java:51)
at page.AddCustomerPage.selectFromDropDown(AddCustomerPage.java:51)
at page.AddCustomerPage.selectFromDropDown(AddCustomerPage.java:51)
at page.AddCustomerPage.selectFromDropDown(AddCustomerPage.java:51)
at page.AddCustomerPage.selectFromDropDown(AddCustomerPage.java:51)
at page.AddCustomerPage.selectFromDropDown(AddCustomerPage.java:51)
at page.AddCustomerPage.selectFromDropDown(AddCustomerPage.java:51)
at page.AddCustomerPage.selectFromDropDown(AddCustomerPage.java:51)
at page.AddCustomerPage.selectFromDropDown(AddCustomerPage.java:51)
at page.AddCustomerPage.selectFromDropDown(AddCustomerPage.java:51)
at page.AddCustomerPage.selectFromDropDown(AddCustomerPage.java:51)
at page.AddCustomerPage.selectFromDropDown(AddCustomerPage.java:51)
at page.AddCustomerPage.selectFromDropDown(AddCustomerPage.java:51)
at page.AddCustomerPage.selectFromDropDown(AddCustomerPage.java:51)
at page.AddCustomerPage.selectFromDropDown(AddCustomerPage.java:51)
at page.AddCustomerPage.selectFromDropDown(AddCustomerPage.java:51)
at page.AddCustomerPage.selectFromDropDown(AddCustomerPage.java:51)
at page.AddCustomerPage.selectFromDropDown(AddCustomerPage.java:51)
at page.AddCustomerPage.selectFromDropDown(AddCustomerPage.java:51)
at page.AddCustomerPage.selectFromDropDown(AddCustomerPage.java:51)
at page.AddCustomerPage.selectFromDropDown(AddCustomerPage.java:51)
at page.AddCustomerPage.selectFromDropDown(AddCustomerPage.java:51)
at page.AddCustomerPage.selectFromDropDown(AddCustomerPage.java:51)
at page.AddCustomerPage.selectFromDropDown(AddCustomerPage.java:51)
at page.AddCustomerPage.selectFromDropDown(AddCustomerPage.java:51)
at page.AddCustomerPage.selectFromDropDown(AddCustomerPage.java:51)
at page.AddCustomerPage.selectFromDropDown(AddCustomerPage.java:51)
at page.AddCustomerPage.selectFromDropDown(AddCustomerPage.java:51)
at page.AddCustomerPage.selectFromDropDown(AddCustomerPage.java:51)
at page.AddCustomerPage.selectFromDropDown(AddCustomerPage.java:51)
at page.AddCustomerPage.selectFromDropDown(AddCustomerPage.java:51)
at page.AddCustomerPage.selectFromDropDown(AddCustomerPage.java:51)
at page.AddCustomerPage.selectFromDropDown(AddCustomerPage.java:51)
at page.AddCustomerPage.selectFromDropDown(AddCustomerPage.java:51)
at page.AddCustomerPage.selectFromDropDown(AddCustomerPage.java:51)
at page.AddCustomerPage.selectFromDropDown(AddCustomerPage.java:51)
at page.AddCustomerPage.selectFromDropDown(AddCustomerPage.java:51)
at page.AddCustomerPage.selectFromDropDown(AddCustomerPage.java:51)
at page.AddCustomerPage.selectFromDropDown(AddCustomerPage.java:51)
at page.AddCustomerPage.selectFromDropDown(AddCustomerPage.java:51)
at page.AddCustomerPage.selectFromDropDown(AddCustomerPage.java:51)
at page.AddCustomerPage.selectFromDropDown(AddCustomerPage.java:51)
at page.AddCustomerPage.selectFromDropDown(AddCustomerPage.java:51)
at page.AddCustomerPage.selectFromDropDown(AddCustomerPage.java:51)
at page.AddCustomerPage.selectFromDropDown(AddCustomerPage.java:51)
at page.AddCustomerPage.selectFromDropDown(AddCustomerPage.java:51)
at page.AddCustomerPage.selectFromDropDown(AddCustomerPage.java:51)
at page.AddCustomerPage.selectFromDropDown(AddCustomerPage.java:51)
at page.AddCustomerPage.selectFromDropDown(AddCustomerPage.java:51)
at page.AddCustomerPage.selectFromDropDown(AddCustomerPage.java:51)
at page.AddCustomerPage.selectFromDropDown(AddCustomerPage.java:51)
at page.AddCustomerPage.selectFromDropDown(AddCustomerPage.java:51)
at page.AddCustomerPage.selectFromDropDown(AddCustomerPage.java:51)
at page.AddCustomerPage.selectFromDropDown(AddCustomerPage.java:51)
at page.AddCustomerPage.selectFromDropDown(AddCustomerPage.java:51)
at page.AddCustomerPage.selectFromDropDown(AddCustomerPage.java:51)
at page.AddCustomerPage.selectFromDropDown(AddCustomerPage.java:51)
at page.AddCustomerPage.selectFromDropDown(AddCustomerPage.java:51)
at page.AddCustomerPage.selectFromDropDown(AddCustomerPage.java:51)
at page.AddCustomerPage.selectFromDropDown(AddCustomerPage.java:51)
at page.AddCustomerPage.selectFromDropDown(AddCustomerPage.java:51)
at page.AddCustomerPage.selectFromDropDown(AddCustomerPage.java:51)
at page.AddCustomerPage.selectFromDropDown(AddCustomerPage.java:51)
at page.AddCustomerPage.selectFromDropDown(AddCustomerPage.java:51)
at page.AddCustomerPage.selectFromDropDown(AddCustomerPage.java:51)
at page.AddCustomerPage.selectFromDropDown(AddCustomerPage.java:51)
at page.AddCustomerPage.selectFromDropDown(AddCustomerPage.java:51)
at page.AddCustomerPage.selectFromDropDown(AddCustomerPage.java:51)
at page.AddCustomerPage.selectFromDropDown(AddCustomerPage.java:51)
at page.AddCustomerPage.selectFromDropDown(AddCustomerPage.java:51)
at page.AddCustomerPage.selectFromDropDown(AddCustomerPage.java:51)
at page.AddCustomerPage.selectFromDropDown(AddCustomerPage.java:51)
at page.AddCustomerPage.selectFromDropDown(AddCustomerPage.java:51)
at page.AddCustomerPage.selectFromDropDown(AddCustomerPage.java:51)
at page.AddCustomerPage.selectFromDropDown(AddCustomerPage.java:51)
at page.AddCustomerPage.selectFromDropDown(AddCustomerPage.java:51)
at page.AddCustomerPage.selectFromDropDown(AddCustomerPage.java:51)
at page.AddCustomerPage.selectFromDropDown(AddCustomerPage.java:51)
at page.AddCustomerPage.selectFromDropDown(AddCustomerPage.java:51)
at page.AddCustomerPage.selectFromDropDown(AddCustomerPage.java:51)
at page.AddCustomerPage.selectFromDropDown(AddCustomerPage.java:51)
at page.AddCustomerPage.selectFromDropDown(AddCustomerPage.java:51)
at page.AddCustomerPage.selectFromDropDown(AddCustomerPage.java:51)
at page.AddCustomerPage.selectFromDropDown(AddCustomerPage.java:51)
at page.AddCustomerPage.selectFromDropDown(AddCustomerPage.java:51)
at page.AddCustomerPage.selectFromDropDown(AddCustomerPage.java:51)
at page.AddCustomerPage.selectFromDropDown(AddCustomerPage.java:51)
at page.AddCustomerPage.selectFromDropDown(AddCustomerPage.java:51)
at page.AddCustomerPage.selectFromDropDown(AddCustomerPage.java:51)
at page.AddCustomerPage.selectFromDropDown(AddCustomerPage.java:51)
at page.AddCustomerPage.selectFromDropDown(AddCustomerPage.java:51)
at page.AddCustomerPage.selectFromDropDown(AddCustomerPage.java:51)
at page.AddCustomerPage.selectFromDropDown(AddCustomerPage.java:51)
at page.AddCustomerPage.selectFromDropDown(AddCustomerPage.java:51)
at page.AddCustomerPage.selectFromDropDown(AddCustomerPage.java:51)
at page.AddCustomerPage.selectFromDropDown(AddCustomerPage.java:51)
at page.AddCustomerPage.selectFromDropDown(AddCustomerPage.java:51)
at page.AddCustomerPage.selectFromDropDown(AddCustomerPage.java:51)
at page.AddCustomerPage.selectFromDropDown(AddCustomerPage.java:51)
at page.AddCustomerPage.selectFromDropDown(AddCustomerPage.java:51)
at page.AddCustomerPage.selectFromDropDown(AddCustomerPage.java:51)
at page.AddCustomerPage.selectFromDropDown(AddCustomerPage.java:51)
at page.AddCustomerPage.selectFromDropDown(AddCustomerPage.java:51)
at page.AddCustomerPage.selectFromDropDown(AddCustomerPage.java:51)
at page.AddCustomerPage.selectFromDropDown(AddCustomerPage.java:51)
at page.AddCustomerPage.selectFromDropDown(AddCustomerPage.java:51)
at page.AddCustomerPage.selectFromDropDown(AddCustomerPage.java:51)
at page.AddCustomerPage.selectFromDropDown(AddCustomerPage.java:51)
at page.AddCustomerPage.selectFromDropDown(AddCustomerPage.java:51)
at page.AddCustomerPage.selectFromDropDown(AddCustomerPage.java:51)
at page.AddCustomerPage.selectFromDropDown(AddCustomerPage.java:51)
at page.AddCustomerPage.selectFromDropDown(AddCustomerPage.java:51)
at page.AddCustomerPage.selectFromDropDown(AddCustomerPage.java:51)
at page.AddCustomerPage.selectFromDropDown(AddCustomerPage.java:51)
at page.AddCustomerPage.selectFromDropDown(AddCustomerPage.java:51)
at page.AddCustomerPage.selectFromDropDown(AddCustomerPage.java:51)
at page.AddCustomerPage.selectFromDropDown(AddCustomerPage.java:51)
at page.AddCustomerPage.selectFromDropDown(AddCustomerPage.java:51)
at page.AddCustomerPage.selectFromDropDown(AddCustomerPage.java:51)
at page.AddCustomerPage.selectFromDropDown(AddCustomerPage.java:51)
at page.AddCustomerPage.selectFromDropDown(AddCustomerPage.java:51)
at page.AddCustomerPage.selectFromDropDown(AddCustomerPage.java:51)
at page.AddCustomerPage.selectFromDropDown(AddCustomerPage.java:51)
at page.AddCustomerPage.selectFromDropDown(AddCustomerPage.java:51)
at page.AddCustomerPage.selectFromDropDown(AddCustomerPage.java:51)
at page.AddCustomerPage.selectFromDropDown(AddCustomerPage.java:51)
at page.AddCustomerPage.selectFromDropDown(AddCustomerPage.java:51)
at page.AddCustomerPage.selectFromDropDown(AddCustomerPage.java:51)
at page.AddCustomerPage.selectFromDropDown(AddCustomerPage.java:51)
at page.AddCustomerPage.selectFromDropDown(AddCustomerPage.java:51)
at page.AddCustomerPage.selectFromDropDown(AddCustomerPage.java:51)
at page.AddCustomerPage.selectFromDropDown(AddCustomerPage.java:51)
at page.AddCustomerPage.selectFromDropDown(AddCustomerPage.java:51)
at page.AddCustomerPage.selectFromDropDown(AddCustomerPage.java:51)
at page.AddCustomerPage.selectFromDropDown(AddCustomerPage.java:51)
at page.AddCustomerPage.selectFromDropDown(AddCustomerPage.java:51)
at page.AddCustomerPage.selectFromDropDown(AddCustomerPage.java:51)
at page.AddCustomerPage.selectFromDropDown(AddCustomerPage.java:51)
at page.AddCustomerPage.selectFromDropDown(AddCustomerPage.java:51)
at page.AddCustomerPage.selectFromDropDown(AddCustomerPage.java:51)
at page.AddCustomerPage.selectFromDropDown(AddCustomerPage.java:51)
at page.AddCustomerPage.selectFromDropDown(AddCustomerPage.java:51)
at page.AddCustomerPage.selectFromDropDown(AddCustomerPage.java:51)
at page.AddCustomerPage.selectFromDropDown(AddCustomerPage.java:51)
at page.AddCustomerPage.selectFromDropDown(AddCustomerPage.java:51)
at page.AddCustomerPage.selectFromDropDown(AddCustomerPage.java:51)
at page.AddCustomerPage.selectFromDropDown(AddCustomerPage.java:51)
at page.AddCustomerPage.selectFromDropDown(AddCustomerPage.java:51)
at page.AddCustomerPage.selectFromDropDown(AddCustomerPage.java:51)
at page.AddCustomerPage.selectFromDropDown(AddCustomerPage.java:51)
at page.AddCustomerPage.selectFromDropDown(AddCustomerPage.java:51)
at page.AddCustomerPage.selectFromDropDown(AddCustomerPage.java:51)
at page.AddCustomerPage.selectFromDropDown(AddCustomerPage.java:51)
at page.AddCustomerPage.selectFromDropDown(AddCustomerPage.java:51)
at page.AddCustomerPage.selectFromDropDown(AddCustomerPage.java:51)
at page.AddCustomerPage.selectFromDropDown(AddCustomerPage.java:51)
at page.AddCustomerPage.selectFromDropDown(AddCustomerPage.java:51)
at page.AddCustomerPage.selectFromDropDown(AddCustomerPage.java:51)
at page.AddCustomerPage.selectFromDropDown(AddCustomerPage.java:51)
at page.AddCustomerPage.selectFromDropDown(AddCustomerPage.java:51)
at page.AddCustomerPage.selectFromDropDown(AddCustomerPage.java:51)
at page.AddCustomerPage.selectFromDropDown(AddCustomerPage.java:51)
at page.AddCustomerPage.selectFromDropDown(AddCustomerPage.java:51)
at page.AddCustomerPage.selectFromDropDown(AddCustomerPage.java:51)
at page.AddCustomerPage.selectFromDropDown(AddCustomerPage.java:51)
at page.AddCustomerPage.selectFromDropDown(AddCustomerPage.java:51)
at page.AddCustomerPage.selectFromDropDown(AddCustomerPage.java:51)
at page.AddCustomerPage.selectFromDropDown(AddCustomerPage.java:51)
at page.AddCustomerPage.selectFromDropDown(AddCustomerPage.java:51)
at page.AddCustomerPage.selectFromDropDown(AddCustomerPage.java:51)
at page.AddCustomerPage.selectFromDropDown(AddCustomerPage.java:51)
at page.AddCustomerPage.selectFromDropDown(AddCustomerPage.java:51)
at page.AddCustomerPage.selectFromDropDown(AddCustomerPage.java:51)
at page.AddCustomerPage.selectFromDropDown(AddCustomerPage.java:51)
at page.AddCustomerPage.selectFromDropDown(AddCustomerPage.java:51)
at page.AddCustomerPage.selectFromDropDown(AddCustomerPage.java:51)
at page.AddCustomerPage.selectFromDropDown(AddCustomerPage.java:51)
at page.AddCustomerPage.selectFromDropDown(AddCustomerPage.java:51)
at page.AddCustomerPage.selectFromDropDown(AddCustomerPage.java:51)
at page.AddCustomerPage.selectFromDropDown(AddCustomerPage.java:51)
at page.AddCustomerPage.selectFromDropDown(AddCustomerPage.java:51)
at page.AddCustomerPage.selectFromDropDown(AddCustomerPage.java:51)
at page.AddCustomerPage.selectFromDropDown(AddCustomerPage.java:51)
at page.AddCustomerPage.selectFromDropDown(AddCustomerPage.java:51)
at page.AddCustomerPage.selectFromDropDown(AddCustomerPage.java:51)
at page.AddCustomerPage.selectFromDropDown(AddCustomerPage.java:51)
at page.AddCustomerPage.selectFromDropDown(AddCustomerPage.java:51)
at page.AddCustomerPage.selectFromDropDown(AddCustomerPage.java:51)
at page.AddCustomerPage.selectFromDropDown(AddCustomerPage.java:51)
at page.AddCustomerPage.selectFromDropDown(AddCustomerPage.java:51)
at page.AddCustomerPage.selectFromDropDown(AddCustomerPage.java:51)
at page.AddCustomerPage.selectFromDropDown(AddCustomerPage.java:51)
at page.AddCustomerPage.selectFromDropDown(AddCustomerPage.java:51)
at page.AddCustomerPage.selectFromDropDown(AddCustomerPage.java:51)
at page.AddCustomerPage.selectFromDropDown(AddCustomerPage.java:51)
at page.AddCustomerPage.selectFromDropDown(AddCustomerPage.java:51)
at page.AddCustomerPage.selectFromDropDown(AddCustomerPage.java:51)
at page.AddCustomerPage.selectFromDropDown(AddCustomerPage.java:51)
at page.AddCustomerPage.selectFromDropDown(AddCustomerPage.java:51)
at page.AddCustomerPage.selectFromDropDown(AddCustomerPage.java:51)
at page.AddCustomerPage.selectFromDropDown(AddCustomerPage.java:51)
at page.AddCustomerPage.selectFromDropDown(AddCustomerPage.java:51)
at page.AddCustomerPage.selectFromDropDown(AddCustomerPage.java:51)
at page.AddCustomerPage.selectFromDropDown(AddCustomerPage.java:51)
at page.AddCustomerPage.selectFromDropDown(AddCustomerPage.java:51)
at page.AddCustomerPage.selectFromDropDown(AddCustomerPage.java:51)
at page.AddCustomerPage.selectFromDropDown(AddCustomerPage.java:51)
at page.AddCustomerPage.selectFromDropDown(AddCustomerPage.java:51)
at page.AddCustomerPage.selectFromDropDown(AddCustomerPage.java:51)
at page.AddCustomerPage.selectFromDropDown(AddCustomerPage.java:51)
at page.AddCustomerPage.selectFromDropDown(AddCustomerPage.java:51)
at page.AddCustomerPage.selectFromDropDown(AddCustomerPage.java:51)
at page.AddCustomerPage.selectFromDropDown(AddCustomerPage.java:51)
at page.AddCustomerPage.selectFromDropDown(AddCustomerPage.java:51)
at page.AddCustomerPage.selectFromDropDown(AddCustomerPage.java:51)
at page.AddCustomerPage.selectFromDropDown(AddCustomerPage.java:51)
at page.AddCustomerPage.selectFromDropDown(AddCustomerPage.java:51)
at page.AddCustomerPage.selectFromDropDown(AddCustomerPage.java:51)
at page.AddCustomerPage.selectFromDropDown(AddCustomerPage.java:51)
at page.AddCustomerPage.selectFromDropDown(AddCustomerPage.java:51)
at page.AddCustomerPage.selectFromDropDown(AddCustomerPage.java:51)
at page.AddCustomerPage.selectFromDropDown(AddCustomerPage.java:51)
at page.AddCustomerPage.selectFromDropDown(AddCustomerPage.java:51)
at page.AddCustomerPage.selectFromDropDown(AddCustomerPage.java:51)
at page.AddCustomerPage.selectFromDropDown(AddCustomerPage.java:51)
at page.AddCustomerPage.selectFromDropDown(AddCustomerPage.java:51)
at page.AddCustomerPage.selectFromDropDown(AddCustomerPage.java:51)
at page.AddCustomerPage.selectFromDropDown(AddCustomerPage.java:51)
at page.AddCustomerPage.selectFromDropDown(AddCustomerPage.java:51)
at page.AddCustomerPage.selectFromDropDown(AddCustomerPage.java:51)
at page.AddCustomerPage.selectFromDropDown(AddCustomerPage.java:51)
at page.AddCustomerPage.selectFromDropDown(AddCustomerPage.java:51)
at page.AddCustomerPage.selectFromDropDown(AddCustomerPage.java:51)
at page.AddCustomerPage.selectFromDropDown(AddCustomerPage.java:51)
at page.AddCustomerPage.selectFromDropDown(AddCustomerPage.java:51)
at page.AddCustomerPage.selectFromDropDown(AddCustomerPage.java:51)
at page.AddCustomerPage.selectFromDropDown(AddCustomerPage.java:51)
at page.AddCustomerPage.selectFromDropDown(AddCustomerPage.java:51)
at page.AddCustomerPage.selectFromDropDown(AddCustomerPage.java:51)
at page.AddCustomerPage.selectFromDropDown(AddCustomerPage.java:51)
at page.AddCustomerPage.selectFromDropDown(AddCustomerPage.java:51)
at page.AddCustomerPage.selectFromDropDown(AddCustomerPage.java:51)
at page.AddCustomerPage.selectFromDropDown(AddCustomerPage.java:51)
at page.AddCustomerPage.selectFromDropDown(AddCustomerPage.java:51)
at page.AddCustomerPage.selectFromDropDown(AddCustomerPage.java:51)
at page.AddCustomerPage.selectFromDropDown(AddCustomerPage.java:51)
at page.AddCustomerPage.selectFromDropDown(AddCustomerPage.java:51)
at page.AddCustomerPage.selectFromDropDown(AddCustomerPage.java:51)
at page.AddCustomerPage.selectFromDropDown(AddCustomerPage.java:51)
at page.AddCustomerPage.selectFromDropDown(AddCustomerPage.java:51)
at page.AddCustomerPage.selectFromDropDown(AddCustomerPage.java:51)
at page.AddCustomerPage.selectFromDropDown(AddCustomerPage.java:51)
at page.AddCustomerPage.selectFromDropDown(AddCustomerPage.java:51)
at page.AddCustomerPage.selectFromDropDown(AddCustomerPage.java:51)
at page.AddCustomerPage.selectFromDropDown(AddCustomerPage.java:51)
at page.AddCustomerPage.selectFromDropDown(AddCustomerPage.java:51)
at page.AddCustomerPage.selectFromDropDown(AddCustomerPage.java:51)
at page.AddCustomerPage.selectFromDropDown(AddCustomerPage.java:51)
at page.AddCustomerPage.selectFromDropDown(AddCustomerPage.java:51)
at page.AddCustomerPage.selectFromDropDown(AddCustomerPage.java:51)
at page.AddCustomerPage.selectFromDropDown(AddCustomerPage.java:51)
at page.AddCustomerPage.selectFromDropDown(AddCustomerPage.java:51)
at page.AddCustomerPage.selectFromDropDown(AddCustomerPage.java:51)
at page.AddCustomerPage.selectFromDropDown(AddCustomerPage.java:51)
at page.AddCustomerPage.selectFromDropDown(AddCustomerPage.java:51)
at page.AddCustomerPage.selectFromDropDown(AddCustomerPage.java:51)
at page.AddCustomerPage.selectFromDropDown(AddCustomerPage.java:51)
at page.AddCustomerPage.selectFromDropDown(AddCustomerPage.java:51)
at page.AddCustomerPage.selectFromDropDown(AddCustomerPage.java:51)
at page.AddCustomerPage.selectFromDropDown(AddCustomerPage.java:51)
at page.AddCustomerPage.selectFromDropDown(AddCustomerPage.java:51)
at page.AddCustomerPage.selectFromDropDown(AddCustomerPage.java:51)
at page.AddCustomerPage.selectFromDropDown(AddCustomerPage.java:51)
at page.AddCustomerPage.selectFromDropDown(AddCustomerPage.java:51)
at page.AddCustomerPage.selectFromDropDown(AddCustomerPage.java:51)
at page.AddCustomerPage.selectFromDropDown(AddCustomerPage.java:51)
at page.AddCustomerPage.selectFromDropDown(AddCustomerPage.java:51)
at page.AddCustomerPage.selectFromDropDown(AddCustomerPage.java:51)
at page.AddCustomerPage.selectFromDropDown(AddCustomerPage.java:51)
at page.AddCustomerPage.selectFromDropDown(AddCustomerPage.java:51)
at page.AddCustomerPage.selectFromDropDown(AddCustomerPage.java:51)
at page.AddCustomerPage.selectFromDropDown(AddCustomerPage.java:51)
at page.AddCustomerPage.selectFromDropDown(AddCustomerPage.java:51)
at page.AddCustomerPage.selectFromDropDown(AddCustomerPage.java:51)
at page.AddCustomerPage.selectFromDropDown(AddCustomerPage.java:51)
at page.AddCustomerPage.selectFromDropDown(AddCustomerPage.java:51)
at page.AddCustomerPage.selectFromDropDown(AddCustomerPage.java:51)
at page.AddCustomerPage.selectFromDropDown(AddCustomerPage.java:51)
at page.AddCustomerPage.selectFromDropDown(AddCustomerPage.java:51)
at page.AddCustomerPage.selectFromDropDown(AddCustomerPage.java:51)
at page.AddCustomerPage.selectFromDropDown(AddCustomerPage.java:51)
at page.AddCustomerPage.selectFromDropDown(AddCustomerPage.java:51)
at page.AddCustomerPage.selectFromDropDown(AddCustomerPage.java:51)
at page.AddCustomerPage.selectFromDropDown(AddCustomerPage.java:51)
at page.AddCustomerPage.selectFromDropDown(AddCustomerPage.java:51)
at page.AddCustomerPage.selectFromDropDown(AddCustomerPage.java:51)
at page.AddCustomerPage.selectFromDropDown(AddCustomerPage.java:51)
at page.AddCustomerPage.selectFromDropDown(AddCustomerPage.java:51)
at page.AddCustomerPage.selectFromDropDown(AddCustomerPage.java:51)
at page.AddCustomerPage.selectFromDropDown(AddCustomerPage.java:51)
at page.AddCustomerPage.selectFromDropDown(AddCustomerPage.java:51)
at page.AddCustomerPage.selectFromDropDown(AddCustomerPage.java:51)
at page.AddCustomerPage.selectFromDropDown(AddCustomerPage.java:51)
at page.AddCustomerPage.selectFromDropDown(AddCustomerPage.java:51)
at page.AddCustomerPage.selectFromDropDown(AddCustomerPage.java:51)
at page.AddCustomerPage.selectFromDropDown(AddCustomerPage.java:51)
at page.AddCustomerPage.selectFromDropDown(AddCustomerPage.java:51)
at page.AddCustomerPage.selectFromDropDown(AddCustomerPage.java:51)
at page.AddCustomerPage.selectFromDropDown(AddCustomerPage.java:51)
at page.AddCustomerPage.selectFromDropDown(AddCustomerPage.java:51)
at page.AddCustomerPage.selectFromDropDown(AddCustomerPage.java:51)
at page.AddCustomerPage.selectFromDropDown(AddCustomerPage.java:51)
at page.AddCustomerPage.selectFromDropDown(AddCustomerPage.java:51)
at page.AddCustomerPage.selectFromDropDown(AddCustomerPage.java:51)
at page.AddCustomerPage.selectFromDropDown(AddCustomerPage.java:51)
at page.AddCustomerPage.selectFromDropDown(AddCustomerPage.java:51)
at page.AddCustomerPage.selectFromDropDown(AddCustomerPage.java:51)
at page.AddCustomerPage.selectFromDropDown(AddCustomerPage.java:51)
at page.AddCustomerPage.selectFromDropDown(AddCustomerPage.java:51)
at page.AddCustomerPage.selectFromDropDown(AddCustomerPage.java:51)
at page.AddCustomerPage.selectFromDropDown(AddCustomerPage.java:51)
at page.AddCustomerPage.selectFromDropDown(AddCustomerPage.java:51)
at page.AddCustomerPage.selectFromDropDown(AddCustomerPage.java:51)
at page.AddCustomerPage.selectFromDropDown(AddCustomerPage.java:51)
at page.AddCustomerPage.selectFromDropDown(AddCustomerPage.java:51)
at page.AddCustomerPage.selectFromDropDown(AddCustomerPage.java:51)
at page.AddCustomerPage.selectFromDropDown(AddCustomerPage.java:51)
at page.AddCustomerPage.selectFromDropDown(AddCustomerPage.java:51)
at page.AddCustomerPage.selectFromDropDown(AddCustomerPage.java:51)
at page.AddCustomerPage.selectFromDropDown(AddCustomerPage.java:51)
at page.AddCustomerPage.selectFromDropDown(AddCustomerPage.java:51)
at page.AddCustomerPage.selectFromDropDown(AddCustomerPage.java:51)
at page.AddCustomerPage.selectFromDropDown(AddCustomerPage.java:51)
at page.AddCustomerPage.selectFromDropDown(AddCustomerPage.java:51)
at page.AddCustomerPage.selectFromDropDown(AddCustomerPage.java:51)
at page.AddCustomerPage.selectFromDropDown(AddCustomerPage.java:51)
at page.AddCustomerPage.selectFromDropDown(AddCustomerPage.java:51)
at page.AddCustomerPage.selectFromDropDown(AddCustomerPage.java:51)
at page.AddCustomerPage.selectFromDropDown(AddCustomerPage.java:51)
at page.AddCustomerPage.selectFromDropDown(AddCustomerPage.java:51)
at page.AddCustomerPage.selectFromDropDown(AddCustomerPage.java:51)
at page.AddCustomerPage.selectFromDropDown(AddCustomerPage.java:51)
at page.AddCustomerPage.selectFromDropDown(AddCustomerPage.java:51)
at page.AddCustomerPage.selectFromDropDown(AddCustomerPage.java:51)
at page.AddCustomerPage.selectFromDropDown(AddCustomerPage.java:51)
at page.AddCustomerPage.selectFromDropDown(AddCustomerPage.java:51)
at page.AddCustomerPage.selectFromDropDown(AddCustomerPage.java:51)
at page.AddCustomerPage.selectFromDropDown(AddCustomerPage.java:51)
at page.AddCustomerPage.selectFromDropDown(AddCustomerPage.java:51)
at page.AddCustomerPage.selectFromDropDown(AddCustomerPage.java:51)
at page.AddCustomerPage.selectFromDropDown(AddCustomerPage.java:51)
at page.AddCustomerPage.selectFromDropDown(AddCustomerPage.java:51)
at page.AddCustomerPage.selectFromDropDown(AddCustomerPage.java:51)
at page.AddCustomerPage.selectFromDropDown(AddCustomerPage.java:51)
at page.AddCustomerPage.selectFromDropDown(AddCustomerPage.java:51)
at page.AddCustomerPage.selectFromDropDown(AddCustomerPage.java:51)
at page.AddCustomerPage.selectFromDropDown(AddCustomerPage.java:51)
at page.AddCustomerPage.selectFromDropDown(AddCustomerPage.java:51)
at page.AddCustomerPage.selectFromDropDown(AddCustomerPage.java:51)
at page.AddCustomerPage.selectFromDropDown(AddCustomerPage.java:51)
at page.AddCustomerPage.selectFromDropDown(AddCustomerPage.java:51)
at page.AddCustomerPage.selectFromDropDown(AddCustomerPage.java:51)
at page.AddCustomerPage.selectFromDropDown(AddCustomerPage.java:51)
at page.AddCustomerPage.selectFromDropDown(AddCustomerPage.java:51)
at page.AddCustomerPage.selectFromDropDown(AddCustomerPage.java:51)
at page.AddCustomerPage.selectFromDropDown(AddCustomerPage.java:51)
at page.AddCustomerPage.selectFromDropDown(AddCustomerPage.java:51)
at page.AddCustomerPage.selectFromDropDown(AddCustomerPage.java:51)
at page.AddCustomerPage.selectFromDropDown(AddCustomerPage.java:51)
at page.AddCustomerPage.selectFromDropDown(AddCustomerPage.java:51)
at page.AddCustomerPage.selectFromDropDown(AddCustomerPage.java:51)
at page.AddCustomerPage.selectFromDropDown(AddCustomerPage.java:51)
at page.AddCustomerPage.selectFromDropDown(AddCustomerPage.java:51)
at page.AddCustomerPage.selectFromDropDown(AddCustomerPage.java:51)
at page.AddCustomerPage.selectFromDropDown(AddCustomerPage.java:51)
at page.AddCustomerPage.selectFromDropDown(AddCustomerPage.java:51)
at page.AddCustomerPage.selectFromDropDown(AddCustomerPage.java:51)
at page.AddCustomerPage.selectFromDropDown(AddCustomerPage.java:51)
at page.AddCustomerPage.selectFromDropDown(AddCustomerPage.java:51)
at page.AddCustomerPage.selectFromDropDown(AddCustomerPage.java:51)
at page.AddCustomerPage.selectFromDropDown(AddCustomerPage.java:51)
at page.AddCustomerPage.selectFromDropDown(AddCustomerPage.java:51)
at page.AddCustomerPage.selectFromDropDown(AddCustomerPage.java:51)
at page.AddCustomerPage.selectFromDropDown(AddCustomerPage.java:51)
at page.AddCustomerPage.selectFromDropDown(AddCustomerPage.java:51)
at page.AddCustomerPage.selectFromDropDown(AddCustomerPage.java:51)
at page.AddCustomerPage.selectFromDropDown(AddCustomerPage.java:51)
at page.AddCustomerPage.selectFromDropDown(AddCustomerPage.java:51)
at page.AddCustomerPage.selectFromDropDown(AddCustomerPage.java:51)
at page.AddCustomerPage.selectFromDropDown(AddCustomerPage.java:51)
at page.AddCustomerPage.selectFromDropDown(AddCustomerPage.java:51)
at page.AddCustomerPage.selectFromDropDown(AddCustomerPage.java:51)
at page.AddCustomerPage.selectFromDropDown(AddCustomerPage.java:51)
at page.AddCustomerPage.selectFromDropDown(AddCustomerPage.java:51)
at page.AddCustomerPage.selectFromDropDown(AddCustomerPage.java:51)
at page.AddCustomerPage.selectFromDropDown(AddCustomerPage.java:51)
at page.AddCustomerPage.selectFromDropDown(AddCustomerPage.java:51)
at page.AddCustomerPage.selectFromDropDown(AddCustomerPage.java:51)
at page.AddCustomerPage.selectFromDropDown(AddCustomerPage.java:51)
at page.AddCustomerPage.selectFromDropDown(AddCustomerPage.java:51)
at page.AddCustomerPage.selectFromDropDown(AddCustomerPage.java:51)
at page.AddCustomerPage.selectFromDropDown(AddCustomerPage.java:51)
at page.AddCustomerPage.selectFromDropDown(AddCustomerPage.java:51)
at page.AddCustomerPage.selectFromDropDown(AddCustomerPage.java:51)
at page.AddCustomerPage.selectFromDropDown(AddCustomerPage.java:51)
at page.AddCustomerPage.selectFromDropDown(AddCustomerPage.java:51)
at page.AddCustomerPage.selectFromDropDown(AddCustomerPage.java:51)
at page.AddCustomerPage.selectFromDropDown(AddCustomerPage.java:51)
at page.AddCustomerPage.selectFromDropDown(AddCustomerPage.java:51)
at page.AddCustomerPage.selectFromDropDown(AddCustomerPage.java:51)
at page.AddCustomerPage.selectFromDropDown(AddCustomerPage.java:51)
at page.AddCustomerPage.selectFromDropDown(AddCustomerPage.java:51)
at page.AddCustomerPage.selectFromDropDown(AddCustomerPage.java:51)
at page.AddCustomerPage.selectFromDropDown(AddCustomerPage.java:51)
at page.AddCustomerPage.selectFromDropDown(AddCustomerPage.java:51)
at page.AddCustomerPage.selectFromDropDown(AddCustomerPage.java:51)
at page.AddCustomerPage.selectFromDropDown(AddCustomerPage.java:51)
at page.AddCustomerPage.selectFromDropDown(AddCustomerPage.java:51)
at page.AddCustomerPage.selectFromDropDown(AddCustomerPage.java:51)
at page.AddCustomerPage.selectFromDropDown(AddCustomerPage.java:51)
at page.AddCustomerPage.selectFromDropDown(AddCustomerPage.java:51)
at page.AddCustomerPage.selectFromDropDown(AddCustomerPage.java:51)
at page.AddCustomerPage.selectFromDropDown(AddCustomerPage.java:51)
at page.AddCustomerPage.selectFromDropDown(AddCustomerPage.java:51)
at page.AddCustomerPage.selectFromDropDown(AddCustomerPage.java:51)
at page.AddCustomerPage.selectFromDropDown(AddCustomerPage.java:51)
at page.AddCustomerPage.selectFromDropDown(AddCustomerPage.java:51)
at page.AddCustomerPage.selectFromDropDown(AddCustomerPage.java:51)
at page.AddCustomerPage.selectFromDropDown(AddCustomerPage.java:51)
at page.AddCustomerPage.selectFromDropDown(AddCustomerPage.java:51)
at page.AddCustomerPage.selectFromDropDown(AddCustomerPage.java:51)
at page.AddCustomerPage.selectFromDropDown(AddCustomerPage.java:51)
at page.AddCustomerPage.selectFromDropDown(AddCustomerPage.java:51)
at page.AddCustomerPage.selectFromDropDown(AddCustomerPage.java:51)
at page.AddCustomerPage.selectFromDropDown(AddCustomerPage.java:51)
at page.AddCustomerPage.selectFromDropDown(AddCustomerPage.java:51)
at page.AddCustomerPage.selectFromDropDown(AddCustomerPage.java:51)
at page.AddCustomerPage.selectFromDropDown(AddCustomerPage.java:51)
at page.AddCustomerPage.selectFromDropDown(AddCustomerPage.java:51)
at page.AddCustomerPage.selectFromDropDown(AddCustomerPage.java:51)
at page.AddCustomerPage.selectFromDropDown(AddCustomerPage.java:51)
at page.AddCustomerPage.selectFromDropDown(AddCustomerPage.java:51)
at page.AddCustomerPage.selectFromDropDown(AddCustomerPage.java:51)
at page.AddCustomerPage.selectFromDropDown(AddCustomerPage.java:51)
at page.AddCustomerPage.selectFromDropDown(AddCustomerPage.java:51)
at page.AddCustomerPage.selectFromDropDown(AddCustomerPage.java:51)
at page.AddCustomerPage.selectFromDropDown(AddCustomerPage.java:51)
at page.AddCustomerPage.selectFromDropDown(AddCustomerPage.java:51)
at page.AddCustomerPage.selectFromDropDown(AddCustomerPage.java:51)
at page.AddCustomerPage.selectFromDropDown(AddCustomerPage.java:51)
at page.AddCustomerPage.selectFromDropDown(AddCustomerPage.java:51)
at page.AddCustomerPage.selectFromDropDown(AddCustomerPage.java:51)
at page.AddCustomerPage.selectFromDropDown(AddCustomerPage.java:51)
at page.AddCustomerPage.selectFromDropDown(AddCustomerPage.java:51)
at page.AddCustomerPage.selectFromDropDown(AddCustomerPage.java:51)
at page.AddCustomerPage.selectFromDropDown(AddCustomerPage.java:51)
at page.AddCustomerPage.selectFromDropDown(AddCustomerPage.java:51)
at page.AddCustomerPage.selectFromDropDown(AddCustomerPage.java:51)
at page.AddCustomerPage.selectFromDropDown(AddCustomerPage.java:51)
at page.AddCustomerPage.selectFromDropDown(AddCustomerPage.java:51)
at page.AddCustomerPage.selectFromDropDown(AddCustomerPage.java:51)
at page.AddCustomerPage.selectFromDropDown(AddCustomerPage.java:51)
at page.AddCustomerPage.selectFromDropDown(AddCustomerPage.java:51)
at page.AddCustomerPage.selectFromDropDown(AddCustomerPage.java:51)
at page.AddCustomerPage.selectFromDropDown(AddCustomerPage.java:51)
at page.AddCustomerPage.selectFromDropDown(AddCustomerPage.java:51)
at page.AddCustomerPage.selectFromDropDown(AddCustomerPage.java:51)
at page.AddCustomerPage.selectFromDropDown(AddCustomerPage.java:51)
at page.AddCustomerPage.selectFromDropDown(AddCustomerPage.java:51)
at page.AddCustomerPage.selectFromDropDown(AddCustomerPage.java:51)
at page.AddCustomerPage.selectFromDropDown(AddCustomerPage.java:51)
at page.AddCustomerPage.selectFromDropDown(AddCustomerPage.java:51)
at page.AddCustomerPage.selectFromDropDown(AddCustomerPage.java:51)
at page.AddCustomerPage.selectFromDropDown(AddCustomerPage.java:51)
at page.AddCustomerPage.selectFromDropDown(AddCustomerPage.java:51)
at page.AddCustomerPage.selectFromDropDown(AddCustomerPage.java:51)
at page.AddCustomerPage.selectFromDropDown(AddCustomerPage.java:51)
at page.AddCustomerPage.selectFromDropDown(AddCustomerPage.java:51)
at page.AddCustomerPage.selectFromDropDown(AddCustomerPage.java:51)
at page.AddCustomerPage.selectFromDropDown(AddCustomerPage.java:51)
at page.AddCustomerPage.selectFromDropDown(AddCustomerPage.java:51)
at page.AddCustomerPage.selectFromDropDown(AddCustomerPage.java:51)
at page.AddCustomerPage.selectFromDropDown(AddCustomerPage.java:51)
at page.AddCustomerPage.selectFromDropDown(AddCustomerPage.java:51)
at page.AddCustomerPage.selectFromDropDown(AddCustomerPage.java:51)
at page.AddCustomerPage.selectFromDropDown(AddCustomerPage.java:51)
at page.AddCustomerPage.selectFromDropDown(AddCustomerPage.java:51)
at page.AddCustomerPage.selectFromDropDown(AddCustomerPage.java:51)
at page.AddCustomerPage.selectFromDropDown(AddCustomerPage.java:51)
at page.AddCustomerPage.selectFromDropDown(AddCustomerPage.java:51)
at page.AddCustomerPage.selectFromDropDown(AddCustomerPage.java:51)
at page.AddCustomerPage.selectFromDropDown(AddCustomerPage.java:51)
at page.AddCustomerPage.selectFromDropDown(AddCustomerPage.java:51)
at page.AddCustomerPage.selectFromDropDown(AddCustomerPage.java:51)
at page.AddCustomerPage.selectFromDropDown(AddCustomerPage.java:51)
at page.AddCustomerPage.selectFromDropDown(AddCustomerPage.java:51)
at page.AddCustomerPage.selectFromDropDown(AddCustomerPage.java:51)
at page.AddCustomerPage.selectFromDropDown(AddCustomerPage.java:51)
at page.AddCustomerPage.selectFromDropDown(AddCustomerPage.java:51)
at page.AddCustomerPage.selectFromDropDown(AddCustomerPage.java:51)
at page.AddCustomerPage.selectFromDropDown(AddCustomerPage.java:51)
at page.AddCustomerPage.selectFromDropDown(AddCustomerPage.java:51)
at page.AddCustomerPage.selectFromDropDown(AddCustomerPage.java:51)
at page.AddCustomerPage.selectFromDropDown(AddCustomerPage.java:51)
at page.AddCustomerPage.selectFromDropDown(AddCustomerPage.java:51)
at page.AddCustomerPage.selectFromDropDown(AddCustomerPage.java:51)
at page.AddCustomerPage.selectFromDropDown(AddCustomerPage.java:51)
at page.AddCustomerPage.selectFromDropDown(AddCustomerPage.java:51)
at page.AddCustomerPage.selectFromDropDown(AddCustomerPage.java:51)
at page.AddCustomerPage.selectFromDropDown(AddCustomerPage.java:51)
at page.AddCustomerPage.selectFromDropDown(AddCustomerPage.java:51)
at page.AddCustomerPage.selectFromDropDown(AddCustomerPage.java:51)
at page.AddCustomerPage.selectFromDropDown(AddCustomerPage.java:51)
at page.AddCustomerPage.selectFromDropDown(AddCustomerPage.java:51)
at page.AddCustomerPage.selectFromDropDown(AddCustomerPage.java:51)
at page.AddCustomerPage.selectFromDropDown(AddCustomerPage.java:51)
at page.AddCustomerPage.selectFromDropDown(AddCustomerPage.java:51)
at page.AddCustomerPage.selectFromDropDown(AddCustomerPage.java:51)
at page.AddCustomerPage.selectFromDropDown(AddCustomerPage.java:51)
at page.AddCustomerPage.selectFromDropDown(AddCustomerPage.java:51)
at page.AddCustomerPage.selectFromDropDown(AddCustomerPage.java:51)
at page.AddCustomerPage.selectFromDropDown(AddCustomerPage.java:51)
at page.AddCustomerPage.selectFromDropDown(AddCustomerPage.java:51)
at page.AddCustomerPage.selectFromDropDown(AddCustomerPage.java:51)
at page.AddCustomerPage.selectFromDropDown(AddCustomerPage.java:51)
at page.AddCustomerPage.selectFromDropDown(AddCustomerPage.java:51)
at page.AddCustomerPage.selectFromDropDown(AddCustomerPage.java:51)
at page.AddCustomerPage.selectFromDropDown(AddCustomerPage.java:51)
at page.AddCustomerPage.selectFromDropDown(AddCustomerPage.java:51)
at page.AddCustomerPage.selectFromDropDown(AddCustomerPage.java:51)
at page.AddCustomerPage.selectFromDropDown(AddCustomerPage.java:51)
at page.AddCustomerPage.selectFromDropDown(AddCustomerPage.java:51)
at page.AddCustomerPage.selectFromDropDown(AddCustomerPage.java:51)
at page.AddCustomerPage.selectFromDropDown(AddCustomerPage.java:51)
at page.AddCustomerPage.selectFromDropDown(AddCustomerPage.java:51)
at page.AddCustomerPage.selectFromDropDown(AddCustomerPage.java:51)
at page.AddCustomerPage.selectFromDropDown(AddCustomerPage.java:51)
at page.AddCustomerPage.selectFromDropDown(AddCustomerPage.java:51)
at page.AddCustomerPage.selectFromDropDown(AddCustomerPage.java:51)
at page.AddCustomerPage.selectFromDropDown(AddCustomerPage.java:51)
at page.AddCustomerPage.selectFromDropDown(AddCustomerPage.java:51)
at page.AddCustomerPage.selectFromDropDown(AddCustomerPage.java:51)
at page.AddCustomerPage.selectFromDropDown(AddCustomerPage.java:51)
at page.AddCustomerPage.selectFromDropDown(AddCustomerPage.java:51)
at page.AddCustomerPage.selectFromDropDown(AddCustomerPage.java:51)
at page.AddCustomerPage.selectFromDropDown(AddCustomerPage.java:51)
at page.AddCustomerPage.selectFromDropDown(AddCustomerPage.java:51)
at page.AddCustomerPage.selectFromDropDown(AddCustomerPage.java:51)
at page.AddCustomerPage.selectFromDropDown(AddCustomerPage.java:51)
at page.AddCustomerPage.selectFromDropDown(AddCustomerPage.java:51)
at page.AddCustomerPage.selectFromDropDown(AddCustomerPage.java:51)
at page.AddCustomerPage.selectFromDropDown(AddCustomerPage.java:51)
at page.AddCustomerPage.selectFromDropDown(AddCustomerPage.java:51)
at page.AddCustomerPage.selectFromDropDown(AddCustomerPage.java:51)
at page.AddCustomerPage.selectFromDropDown(AddCustomerPage.java:51)
at page.AddCustomerPage.selectFromDropDown(AddCustomerPage.java:51)
at page.AddCustomerPage.selectFromDropDown(AddCustomerPage.java:51)
at page.AddCustomerPage.selectFromDropDown(AddCustomerPage.java:51)
at page.AddCustomerPage.selectFromDropDown(AddCustomerPage.java:51)
at page.AddCustomerPage.selectFromDropDown(AddCustomerPage.java:51)
at page.AddCustomerPage.selectFromDropDown(AddCustomerPage.java:51)
at page.AddCustomerPage.selectFromDropDown(AddCustomerPage.java:51)
at page.AddCustomerPage.selectFromDropDown(AddCustomerPage.java:51)
at page.AddCustomerPage.selectFromDropDown(AddCustomerPage.java:51)
at page.AddCustomerPage.selectFromDropDown(AddCustomerPage.java:51)
at page.AddCustomerPage.selectFromDropDown(AddCustomerPage.java:51)
at page.AddCustomerPage.selectFromDropDown(AddCustomerPage.java:51)
at page.AddCustomerPage.selectFromDropDown(AddCustomerPage.java:51)
at page.AddCustomerPage.selectFromDropDown(AddCustomerPage.java:51)
at page.AddCustomerPage.selectFromDropDown(AddCustomerPage.java:51)
at page.AddCustomerPage.selectFromDropDown(AddCustomerPage.java:51)
at page.AddCustomerPage.selectFromDropDown(AddCustomerPage.java:51)
at page.AddCustomerPage.selectFromDropDown(AddCustomerPage.java:51)
at page.AddCustomerPage.selectFromDropDown(AddCustomerPage.java:51)
at page.AddCustomerPage.selectFromDropDown(AddCustomerPage.java:51)
at page.AddCustomerPage.selectFromDropDown(AddCustomerPage.java:51)
at page.AddCustomerPage.selectFromDropDown(AddCustomerPage.java:51)
at page.AddCustomerPage.selectFromDropDown(AddCustomerPage.java:51)
at page.AddCustomerPage.selectFromDropDown(AddCustomerPage.java:51)
at page.AddCustomerPage.selectFromDropDown(AddCustomerPage.java:51)
at page.AddCustomerPage.selectFromDropDown(AddCustomerPage.java:51)
at page.AddCustomerPage.selectFromDropDown(AddCustomerPage.java:51)
at page.AddCustomerPage.selectFromDropDown(AddCustomerPage.java:51)
at page.AddCustomerPage.selectFromDropDown(AddCustomerPage.java:51)
at page.AddCustomerPage.selectFromDropDown(AddCustomerPage.java:51)
at page.AddCustomerPage.selectFromDropDown(AddCustomerPage.java:51)
at page.AddCustomerPage.selectFromDropDown(AddCustomerPage.java:51)
at page.AddCustomerPage.selectFromDropDown(AddCustomerPage.java:51)
at page.AddCustomerPage.selectFromDropDown(AddCustomerPage.java:51)
at page.AddCustomerPage.selectFromDropDown(AddCustomerPage.java:51)
at page.AddCustomerPage.selectFromDropDown(AddCustomerPage.java:51)
at page.AddCustomerPage.selectFromDropDown(AddCustomerPage.java:51)
at page.AddCustomerPage.selectFromDropDown(AddCustomerPage.java:51)
at page.AddCustomerPage.selectFromDropDown(AddCustomerPage.java:51)
at page.AddCustomerPage.selectFromDropDown(AddCustomerPage.java:51)
at page.AddCustomerPage.selectFromDropDown(AddCustomerPage.java:51)
at page.AddCustomerPage.selectFromDropDown(AddCustomerPage.java:51)
at page.AddCustomerPage.selectFromDropDown(AddCustomerPage.java:51)
at page.AddCustomerPage.selectFromDropDown(AddCustomerPage.java:51)
at page.AddCustomerPage.selectFromDropDown(AddCustomerPage.java:51)
at page.AddCustomerPage.selectFromDropDown(AddCustomerPage.java:51)
at page.AddCustomerPage.selectFromDropDown(AddCustomerPage.java:51)
at page.AddCustomerPage.selectFromDropDown(AddCustomerPage.java:51)
at page.AddCustomerPage.selectFromDropDown(AddCustomerPage.java:51)
at page.AddCustomerPage.selectFromDropDown(AddCustomerPage.java:51)
at page.AddCustomerPage.selectFromDropDown(AddCustomerPage.java:51)
at page.AddCustomerPage.selectFromDropDown(AddCustomerPage.java:51)
at page.AddCustomerPage.selectFromDropDown(AddCustomerPage.java:51)
at page.AddCustomerPage.selectFromDropDown(AddCustomerPage.java:51)
at page.AddCustomerPage.selectFromDropDown(AddCustomerPage.java:51)
at page.AddCustomerPage.selectFromDropDown(AddCustomerPage.java:51)
at page.AddCustomerPage.selectFromDropDown(AddCustomerPage.java:51)
at page.AddCustomerPage.selectFromDropDown(AddCustomerPage.java:51)
at page.AddCustomerPage.selectFromDropDown(AddCustomerPage.java:51)
at page.AddCustomerPage.selectFromDropDown(AddCustomerPage.java:51)
at page.AddCustomerPage.selectFromDropDown(AddCustomerPage.java:51)
at page.AddCustomerPage.selectFromDropDown(AddCustomerPage.java:51)
at page.AddCustomerPage.selectFromDropDown(AddCustomerPage.java:51)
at page.AddCustomerPage.selectFromDropDown(AddCustomerPage.java:51)
at page.AddCustomerPage.selectFromDropDown(AddCustomerPage.java:51)
at page.AddCustomerPage.selectFromDropDown(AddCustomerPage.java:51)
at page.AddCustomerPage.selectFromDropDown(AddCustomerPage.java:51)
at page.AddCustomerPage.selectFromDropDown(AddCustomerPage.java:51)
at page.AddCustomerPage.selectFromDropDown(AddCustomerPage.java:51)
at page.AddCustomerPage.selectFromDropDown(AddCustomerPage.java:51)
at page.AddCustomerPage.selectFromDropDown(AddCustomerPage.java:51)
at page.AddCustomerPage.selectFromDropDown(AddCustomerPage.java:51)
at page.AddCustomerPage.selectFromDropDown(AddCustomerPage.java:51)
at page.AddCustomerPage.selectFromDropDown(AddCustomerPage.java:51)
at page.AddCustomerPage.selectFromDropDown(AddCustomerPage.java:51)
at page.AddCustomerPage.selectFromDropDown(AddCustomerPage.java:51)
at page.AddCustomerPage.selectFromDropDown(AddCustomerPage.java:51)
at page.AddCustomerPage.selectFromDropDown(AddCustomerPage.java:51)
at page.AddCustomerPage.selectFromDropDown(AddCustomerPage.java:51)
at page.AddCustomerPage.selectFromDropDown(AddCustomerPage.java:51)
at page.AddCustomerPage.selectFromDropDown(AddCustomerPage.java:51)
at page.AddCustomerPage.selectFromDropDown(AddCustomerPage.java:51)
at page.AddCustomerPage.selectFromDropDown(AddCustomerPage.java:51)
at page.AddCustomerPage.selectFromDropDown(AddCustomerPage.java:51)
at page.AddCustomerPage.selectFromDropDown(AddCustomerPage.java:51)
at page.AddCustomerPage.selectFromDropDown(AddCustomerPage.java:51)
at page.AddCustomerPage.selectFromDropDown(AddCustomerPage.java:51)
at page.AddCustomerPage.selectFromDropDown(AddCustomerPage.java:51)
at page.AddCustomerPage.selectFromDropDown(AddCustomerPage.java:51)
at page.AddCustomerPage.selectFromDropDown(AddCustomerPage.java:51)
at page.AddCustomerPage.selectFromDropDown(AddCustomerPage.java:51)
at page.AddCustomerPage.selectFromDropDown(AddCustomerPage.java:51)
at page.AddCustomerPage.selectFromDropDown(AddCustomerPage.java:51)
at page.AddCustomerPage.selectFromDropDown(AddCustomerPage.java:51)
at page.AddCustomerPage.selectFromDropDown(AddCustomerPage.java:51)
at page.AddCustomerPage.selectFromDropDown(AddCustomerPage.java:51)
at page.AddCustomerPage.selectFromDropDown(AddCustomerPage.java:51)
at page.AddCustomerPage.selectFromDropDown(AddCustomerPage.java:51)
at page.AddCustomerPage.selectFromDropDown(AddCustomerPage.java:51)
at page.AddCustomerPage.selectFromDropDown(AddCustomerPage.java:51)
at page.AddCustomerPage.selectFromDropDown(AddCustomerPage.java:51)
at page.AddCustomerPage.selectFromDropDown(AddCustomerPage.java:51)
at page.AddCustomerPage.selectFromDropDown(AddCustomerPage.java:51)
at page.AddCustomerPage.selectFromDropDown(AddCustomerPage.java:51)
at page.AddCustomerPage.selectFromDropDown(AddCustomerPage.java:51)
at page.AddCustomerPage.selectFromDropDown(AddCustomerPage.java:51)
at page.AddCustomerPage.selectFromDropDown(AddCustomerPage.java:51)
at page.AddCustomerPage.selectFromDropDown(AddCustomerPage.java:51)
at page.AddCustomerPage.selectFromDropDown(AddCustomerPage.java:51)
at page.AddCustomerPage.selectFromDropDown(AddCustomerPage.java:51)
at page.AddCustomerPage.selectFromDropDown(AddCustomerPage.java:51)
at page.AddCustomerPage.selectFromDropDown(AddCustomerPage.java:51)
at page.AddCustomerPage.selectFromDropDown(AddCustomerPage.java:51)
at page.AddCustomerPage.selectFromDropDown(AddCustomerPage.java:51)
at page.AddCustomerPage.selectFromDropDown(AddCustomerPage.java:51)
at page.AddCustomerPage.selectFromDropDown(AddCustomerPage.java:51)
at page.AddCustomerPage.selectFromDropDown(AddCustomerPage.java:51)
at page.AddCustomerPage.selectFromDropDown(AddCustomerPage.java:51)
at page.AddCustomerPage.selectFromDropDown(AddCustomerPage.java:51)
at page.AddCustomerPage.selectFromDropDown(AddCustomerPage.java:51)
at page.AddCustomerPage.selectFromDropDown(AddCustomerPage.java:51)
at page.AddCustomerPage.selectFromDropDown(AddCustomerPage.java:51)
at page.AddCustomerPage.selectFromDropDown(AddCustomerPage.java:51)
at page.AddCustomerPage.selectFromDropDown(AddCustomerPage.java:51)
at page.AddCustomerPage.selectFromDropDown(AddCustomerPage.java:51)
at page.AddCustomerPage.selectFromDropDown(AddCustomerPage.java:51)
at page.AddCustomerPage.selectFromDropDown(AddCustomerPage.java:51)
at page.AddCustomerPage.selectFromDropDown(AddCustomerPage.java:51)
at page.AddCustomerPage.selectFromDropDown(AddCustomerPage.java:51)
at page.AddCustomerPage.selectFromDropDown(AddCustomerPage.java:51)
at page.AddCustomerPage.selectFromDropDown(AddCustomerPage.java:51)
at page.AddCustomerPage.selectFromDropDown(AddCustomerPage.java:51)
at page.AddCustomerPage.selectFromDropDown(AddCustomerPage.java:51)
at page.AddCustomerPage.selectFromDropDown(AddCustomerPage.java:51)
at page.AddCustomerPage.selectFromDropDown(AddCustomerPage.java:51)
at page.AddCustomerPage.selectFromDropDown(AddCustomerPage.java:51)
at page.AddCustomerPage.selectFromDropDown(AddCustomerPage.java:51)
at page.AddCustomerPage.selectFromDropDown(AddCustomerPage.java:51)
at page.AddCustomerPage.selectFromDropDown(AddCustomerPage.java:51)
at page.AddCustomerPage.selectFromDropDown(AddCustomerPage.java:51)
at page.AddCustomerPage.selectFromDropDown(AddCustomerPage.java:51)
at page.AddCustomerPage.selectFromDropDown(AddCustomerPage.java:51)
at page.AddCustomerPage.selectFromDropDown(AddCustomerPage.java:51)
at page.AddCustomerPage.selectFromDropDown(AddCustomerPage.java:51)
at page.AddCustomerPage.selectFromDropDown(AddCustomerPage.java:51)
at page.AddCustomerPage.selectFromDropDown(AddCustomerPage.java:51)
at page.AddCustomerPage.selectFromDropDown(AddCustomerPage.java:51)
at page.AddCustomerPage.selectFromDropDown(AddCustomerPage.java:51)
at page.AddCustomerPage.selectFromDropDown(AddCustomerPage.java:51)
at page.AddCustomerPage.selectFromDropDown(AddCustomerPage.java:51)
at page.AddCustomerPage.selectFromDropDown(AddCustomerPage.java:51)
at page.AddCustomerPage.selectFromDropDown(AddCustomerPage.java:51)
at page.AddCustomerPage.selectFromDropDown(AddCustomerPage.java:51)
at page.AddCustomerPage.selectFromDropDown(AddCustomerPage.java:51)
at page.AddCustomerPage.selectFromDropDown(AddCustomerPage.java:51)
at page.AddCustomerPage.selectFromDropDown(AddCustomerPage.java:51)
at page.AddCustomerPage.selectFromDropDown(AddCustomerPage.java:51)
at page.AddCustomerPage.selectFromDropDown(AddCustomerPage.java:51)
at page.AddCustomerPage.selectFromDropDown(AddCustomerPage.java:51)
at page.AddCustomerPage.selectFromDropDown(AddCustomerPage.java:51)
at page.AddCustomerPage.selectFromDropDown(AddCustomerPage.java:51)
at page.AddCustomerPage.selectFromDropDown(AddCustomerPage.java:51)
at page.AddCustomerPage.selectFromDropDown(AddCustomerPage.java:51)
at page.AddCustomerPage.selectFromDropDown(AddCustomerPage.java:51)
at page.AddCustomerPage.selectFromDropDown(AddCustomerPage.java:51)
at page.AddCustomerPage.selectFromDropDown(AddCustomerPage.java:51)
at page.AddCustomerPage.selectFromDropDown(AddCustomerPage.java:51)
at page.AddCustomerPage.selectFromDropDown(AddCustomerPage.java:51)
at page.AddCustomerPage.selectFromDropDown(AddCustomerPage.java:51)
at page.AddCustomerPage.selectFromDropDown(AddCustomerPage.java:51)
at page.AddCustomerPage.selectFromDropDown(AddCustomerPage.java:51)
at page.AddCustomerPage.selectFromDropDown(AddCustomerPage.java:51)
at page.AddCustomerPage.selectFromDropDown(AddCustomerPage.java:51)
at page.AddCustomerPage.selectFromDropDown(AddCustomerPage.java:51)
at page.AddCustomerPage.selectFromDropDown(AddCustomerPage.java:51)
at page.AddCustomerPage.selectFromDropDown(AddCustomerPage.java:51)
at page.AddCustomerPage.selectFromDropDown(AddCustomerPage.java:51)
at page.AddCustomerPage.selectFromDropDown(AddCustomerPage.java:51)
at page.AddCustomerPage.selectFromDropDown(AddCustomerPage.java:51)
at page.AddCustomerPage.selectFromDropDown(AddCustomerPage.java:51)
at page.AddCustomerPage.selectFromDropDown(AddCustomerPage.java:51)
at page.AddCustomerPage.selectFromDropDown(AddCustomerPage.java:51)
]]>
            </full-stacktrace>
          </exception> <!-- java.lang.StackOverflowError -->
          <reporter-output>
          </reporter-output>
        </test-method> <!-- validUserShouldBeAbleToCreateCustomer -->
      </class> <!-- test.AddCustomerTest -->
    </test> <!-- Default test -->
  </suite> <!-- Default suite -->
</testng-results>
